TN:
SF:docs.js
FN:10,setupDocs
FN:11,(anonymous_1)
FNF:2
FNH:2
FNDA:36,setupDocs
FNDA:3,(anonymous_1)
DA:1,36
DA:2,36
DA:3,36
DA:4,36
DA:6,36
DA:7,36
DA:8,36
DA:11,36
DA:12,36
DA:15,36
LF:10
LH:10
BRF:0
BRH:0
end_of_record
TN:
SF:index.js
FN:23,(anonymous_0)
FN:33,(anonymous_1)
FN:42,(anonymous_2)
FN:118,(anonymous_3)
FN:124,connectMongo
FN:126,(anonymous_5)
FN:127,(anonymous_6)
FN:136,(anonymous_7)
FN:143,(anonymous_8)
FN:147,(anonymous_9)
FN:165,(anonymous_10)
FN:169,_startTestServer
FN:176,shutdown
FN:179,(anonymous_13)
FN:182,(anonymous_14)
FN:185,(anonymous_15)
FN:198,(anonymous_16)
FN:211,(anonymous_17)
FN:218,(anonymous_18)
FN:218,(anonymous_19)
FNF:20
FNH:10
FNDA:0,(anonymous_0)
FNDA:0,(anonymous_1)
FNDA:0,(anonymous_2)
FNDA:0,(anonymous_3)
FNDA:2,connectMongo
FNDA:1,(anonymous_5)
FNDA:1,(anonymous_6)
FNDA:1,(anonymous_7)
FNDA:132,(anonymous_8)
FNDA:0,(anonymous_9)
FNDA:0,(anonymous_10)
FNDA:1,_startTestServer
FNDA:2,shutdown
FNDA:2,(anonymous_13)
FNDA:0,(anonymous_14)
FNDA:2,(anonymous_15)
FNDA:1,(anonymous_16)
FNDA:0,(anonymous_17)
FNDA:0,(anonymous_18)
FNDA:0,(anonymous_19)
DA:6,36
DA:7,36
DA:8,36
DA:9,36
DA:10,36
DA:11,36
DA:18,36
DA:19,36
DA:20,36
DA:21,0
DA:22,0
DA:23,0
DA:24,0
DA:25,0
DA:28,0
DA:34,0
DA:35,0
DA:38,0
DA:43,0
DA:44,0
DA:49,36
DA:51,36
DA:52,36
DA:54,36
DA:55,0
DA:57,36
DA:58,36
DA:59,36
DA:75,36
DA:76,36
DA:78,36
DA:79,36
DA:80,36
DA:88,36
DA:89,0
DA:91,0
DA:92,0
DA:93,0
DA:94,0
DA:95,0
DA:99,36
DA:101,36
DA:103,36
DA:105,36
DA:107,36
DA:108,0
DA:112,36
DA:119,0
DA:125,2
DA:126,1
DA:127,1
DA:130,36
DA:131,0
DA:133,36
DA:136,36
DA:137,1
DA:140,36
DA:141,36
DA:143,36
DA:144,132
DA:147,36
DA:148,0
DA:149,0
DA:150,0
DA:153,36
DA:155,36
DA:158,36
DA:159,36
DA:162,36
DA:164,0
DA:165,0
DA:170,1
DA:171,1
DA:172,1
DA:177,2
DA:178,2
DA:179,2
DA:180,2
DA:182,2
DA:183,0
DA:185,2
DA:186,2
DA:187,2
DA:188,2
DA:189,2
DA:192,0
DA:194,2
DA:196,2
DA:197,1
DA:198,1
DA:199,1
DA:200,1
DA:203,0
DA:204,0
DA:207,1
DA:210,2
DA:211,0
DA:212,0
DA:213,0
DA:217,36
DA:218,0
DA:221,36
DA:223,36
DA:224,36
DA:225,36
DA:226,36
LF:106
LH:72
BRDA:19,0,0,36
BRDA:19,0,1,0
BRDA:19,0,2,36
BRDA:20,1,0,0
BRDA:20,1,1,36
BRDA:54,2,0,0
BRDA:54,2,1,36
BRDA:78,3,0,36
BRDA:78,3,1,36
BRDA:88,4,0,0
BRDA:88,4,1,36
BRDA:107,5,0,0
BRDA:107,5,1,36
BRDA:124,6,0,0
BRDA:130,7,0,0
BRDA:130,7,1,36
BRDA:130,8,0,36
BRDA:130,8,1,0
BRDA:140,9,0,36
BRDA:140,9,1,36
BRDA:149,10,0,0
BRDA:149,10,1,0
BRDA:150,11,0,0
BRDA:150,11,1,0
BRDA:150,12,0,0
BRDA:150,12,1,0
BRDA:162,13,0,0
BRDA:162,13,1,36
BRDA:164,14,0,0
BRDA:164,14,1,0
BRDA:170,15,0,0
BRDA:170,15,1,1
BRDA:180,16,0,0
BRDA:180,16,1,2
BRDA:183,17,0,0
BRDA:183,17,1,0
BRDA:187,18,0,2
BRDA:187,18,1,0
BRDA:187,19,0,2
BRDA:187,19,1,2
BRDA:189,20,0,1
BRDA:189,20,1,1
BRDA:196,21,0,1
BRDA:196,21,1,1
BRDA:210,22,0,0
BRDA:210,22,1,2
BRDA:217,23,0,0
BRDA:217,23,1,36
BRDA:223,24,0,0
BRDA:223,24,1,36
BRF:50
BRH:25
end_of_record
TN:
SF:metrics.js
FN:4,(anonymous_0)
FN:71,metricsMiddleware
FN:76,(anonymous_2)
FN:108,metricsHandler
FNF:4
FNH:3
FNDA:0,(anonymous_0)
FNDA:339,metricsMiddleware
FNDA:339,(anonymous_2)
FNDA:3,metricsHandler
DA:1,36
DA:4,36
DA:5,36
DA:6,0
DA:9,36
DA:16,36
DA:23,36
DA:30,36
DA:37,36
DA:44,36
DA:50,36
DA:51,36
DA:55,36
DA:59,36
DA:65,36
DA:72,339
DA:74,339
DA:75,339
DA:76,339
DA:77,339
DA:78,339
DA:79,339
DA:80,339
DA:81,339
DA:82,339
DA:83,339
DA:84,339
DA:85,52
DA:86,52
DA:89,339
DA:90,339
DA:92,339
DA:93,339
DA:94,2
DA:95,339
DA:97,339
DA:98,339
DA:99,339
DA:105,339
DA:109,3
DA:110,3
DA:111,3
DA:113,0
DA:117,36
LF:44
LH:42
BRDA:5,0,0,0
BRDA:5,0,1,36
BRDA:50,1,0,36
BRDA:50,1,1,36
BRDA:77,2,0,339
BRDA:77,2,1,0
BRDA:77,3,0,339
BRDA:77,3,1,339
BRDA:84,4,0,52
BRDA:84,4,1,287
BRDA:93,5,0,337
BRDA:93,5,1,2
BRDA:94,6,0,2
BRDA:94,6,1,0
BRDA:95,7,0,339
BRDA:95,7,1,0
BRF:16
BRH:12
end_of_record
TN:
SF:middleware/auth.js
FN:6,authOptional
FN:22,requireAuth
FNF:2
FNH:2
FNDA:3,authOptional
FNDA:86,requireAuth
DA:1,36
DA:2,36
DA:7,3
DA:8,3
DA:9,3
DA:10,3
DA:11,2
DA:12,1
DA:13,1
DA:17,3
DA:23,86
DA:24,86
DA:25,86
DA:26,86
DA:27,82
DA:28,79
DA:29,79
DA:30,78
DA:31,78
DA:33,3
DA:37,36
LF:21
LH:21
BRDA:8,0,0,3
BRDA:8,0,1,1
BRDA:9,1,0,2
BRDA:9,1,1,1
BRDA:10,2,0,1
BRDA:10,2,1,2
BRDA:13,3,0,1
BRDA:13,3,1,0
BRDA:13,4,0,1
BRDA:13,4,1,0
BRDA:24,5,0,86
BRDA:24,5,1,4
BRDA:25,6,0,82
BRDA:25,6,1,4
BRDA:26,7,0,4
BRDA:26,7,1,82
BRDA:29,8,0,1
BRDA:29,8,1,78
BRDA:30,9,0,78
BRDA:30,9,1,0
BRF:20
BRH:17
end_of_record
TN:
SF:middleware/errorHandler.js
FN:1,errorHandler
FNF:1
FNH:1
FNDA:5,errorHandler
DA:1,36
DA:2,5
DA:4,5
DA:5,2
DA:7,3
DA:8,3
DA:9,0
DA:11,3
DA:13,3
DA:15,3
LF:10
LH:9
BRDA:2,0,0,0
BRDA:2,0,1,5
BRDA:4,1,0,2
BRDA:4,1,1,3
BRDA:4,2,0,5
BRDA:4,2,1,5
BRDA:7,3,0,3
BRDA:7,3,1,3
BRDA:8,4,0,0
BRDA:8,4,1,3
BRDA:8,5,0,3
BRDA:8,5,1,0
BRDA:9,6,0,0
BRDA:9,6,1,0
BRDA:11,7,0,3
BRDA:11,7,1,0
BRDA:11,8,0,3
BRDA:11,8,1,3
BRDA:13,9,0,3
BRDA:13,9,1,3
BRDA:13,9,2,0
BRDA:16,10,0,3
BRDA:16,10,1,3
BRDA:16,10,2,0
BRDA:17,11,0,3
BRDA:17,11,1,3
BRDA:17,12,0,3
BRDA:17,12,1,0
BRF:28
BRH:19
end_of_record
TN:
SF:middleware/logger.js
FN:16,requestLogger
FN:24,(anonymous_1)
FNF:2
FNH:2
FNDA:341,requestLogger
FNDA:340,(anonymous_1)
DA:1,36
DA:2,36
DA:4,36
DA:5,36
DA:17,341
DA:18,341
DA:19,341
DA:20,341
DA:21,341
DA:22,341
DA:23,341
DA:24,341
DA:25,340
DA:26,340
DA:27,340
DA:29,341
DA:32,36
LF:17
LH:17
BRDA:4,0,0,36
BRDA:4,0,1,0
BRDA:6,1,0,36
BRDA:6,1,1,0
BRDA:6,2,0,0
BRDA:6,2,1,0
BRDA:8,3,0,36
BRDA:8,3,1,0
BRDA:8,4,0,36
BRDA:8,4,1,0
BRDA:18,5,0,341
BRDA:18,5,1,341
BRDA:26,6,0,12
BRDA:26,6,1,328
BRDA:26,7,0,40
BRDA:26,7,1,288
BRF:16
BRH:10
end_of_record
TN:
SF:models/Bike.js
FN:25,(anonymous_0)
FNF:1
FNH:1
FNDA:26,(anonymous_0)
DA:6,36
DA:8,36
DA:26,26
DA:27,26
DA:29,26
DA:30,26
DA:34,36
DA:36,36
DA:38,36
LF:9
LH:9
BRDA:26,0,0,26
BRDA:26,0,1,0
BRF:2
BRH:1
end_of_record
TN:
SF:models/ServiceRequest.js
FN:16,(anonymous_0)
FNF:1
FNH:1
FNDA:3,(anonymous_0)
DA:6,36
DA:8,36
DA:17,3
DA:18,3
DA:19,3
DA:22,36
LF:6
LH:6
BRDA:17,0,0,3
BRDA:17,0,1,0
BRF:2
BRH:1
end_of_record
TN:
SF:models/User.js
FNF:0
FNH:0
DA:1,36
DA:3,36
DA:18,36
LF:3
LH:3
BRF:0
BRH:0
end_of_record
TN:
SF:repositories/bikeRepository.js
FN:4,listByOwner
FN:8,listDeletedByOwner
FN:12,countByOwner
FN:16,findByIdForOwner
FN:25,createBike
FN:29,updateBikeForOwner
FN:37,softDeleteBike
FN:45,restoreBike
FN:53,hardDeleteBike
FNF:9
FNH:9
FNDA:6,listByOwner
FNDA:3,listDeletedByOwner
FNDA:29,countByOwner
FNDA:8,findByIdForOwner
FNDA:27,createBike
FNDA:5,updateBikeForOwner
FNDA:5,softDeleteBike
FNDA:8,restoreBike
FNDA:3,hardDeleteBike
DA:2,36
DA:5,6
DA:9,3
DA:13,29
DA:18,8
DA:19,8
DA:20,7
DA:21,7
DA:22,7
DA:26,27
DA:30,5
DA:38,5
DA:46,8
DA:54,3
DA:57,36
LF:15
LH:15
BRDA:16,0,0,8
BRDA:19,1,0,1
BRDA:19,1,1,7
BRDA:21,2,0,7
BRDA:21,2,1,0
BRF:5
BRH:4
end_of_record
TN:
SF:repositories/serviceRequestRepository.js
FN:4,listByOwner
FN:8,createRequest
FN:12,findByIdForOwner
FN:16,updateStatus
FN:24,deleteForOwner
FNF:5
FNH:5
FNDA:2,listByOwner
FNDA:8,createRequest
FNDA:2,findByIdForOwner
FNDA:6,updateStatus
FNDA:2,deleteForOwner
DA:2,36
DA:5,2
DA:9,8
DA:13,2
DA:17,6
DA:25,2
DA:28,36
LF:7
LH:7
BRF:0
BRH:0
end_of_record
TN:
SF:repositories/userRepository.js
FN:4,findUserByEmail
FN:8,createUser
FN:14,saveUser
FNF:3
FNH:2
FNDA:2,findUserByEmail
FNDA:0,createUser
FNDA:1,saveUser
DA:2,1
DA:5,2
DA:9,0
DA:10,0
DA:11,0
DA:15,1
DA:16,1
DA:19,1
LF:8
LH:5
BRF:0
BRH:0
end_of_record
TN:
SF:routes/admin.js
FN:9,requireAdmin
FN:16,handleValidation
FN:26,(anonymous_2)
FN:47,(anonymous_3)
FN:68,(anonymous_4)
FNF:5
FNH:4
FNDA:10,requireAdmin
FNDA:4,handleValidation
FNDA:4,(anonymous_2)
FNDA:4,(anonymous_3)
FNDA:0,(anonymous_4)
DA:1,36
DA:2,36
DA:3,36
DA:4,36
DA:5,36
DA:6,36
DA:7,36
DA:10,10
DA:11,2
DA:13,8
DA:17,4
DA:18,4
DA:19,0
DA:20,0
DA:22,4
DA:26,36
DA:27,4
DA:28,4
DA:29,4
DA:30,4
DA:33,3
DA:34,3
DA:37,1
DA:42,36
DA:48,4
DA:49,4
DA:50,4
DA:51,2
DA:53,2
DA:58,1
DA:59,1
DA:60,1
DA:62,1
DA:68,36
DA:69,0
DA:70,0
DA:71,0
DA:72,0
DA:74,0
DA:78,36
LF:40
LH:33
BRDA:10,0,0,2
BRDA:10,0,1,8
BRDA:10,1,0,10
BRDA:10,1,1,10
BRDA:18,2,0,0
BRDA:18,2,1,4
BRDA:29,3,0,2
BRDA:29,3,1,2
BRDA:48,4,0,0
BRDA:48,4,1,4
BRDA:50,5,0,2
BRDA:50,5,1,2
BRDA:50,6,0,4
BRDA:50,6,1,2
BRDA:58,7,0,0
BRDA:58,7,1,1
BRF:16
BRH:13
end_of_record
TN:
SF:routes/auth.js
FN:10,generateCode
FN:15,asyncHandler
FN:16,(anonymous_2)
FN:22,handleValidation
FN:46,(anonymous_4)
FN:69,(anonymous_5)
FN:93,(anonymous_6)
FN:117,(anonymous_7)
FN:138,(anonymous_8)
FN:178,(anonymous_9)
FN:214,(anonymous_10)
FN:243,(anonymous_11)
FNF:12
FNH:11
FNDA:26,generateCode
FNDA:288,asyncHandler
FNDA:119,(anonymous_2)
FNDA:119,handleValidation
FNDA:25,(anonymous_4)
FNDA:1,(anonymous_5)
FNDA:2,(anonymous_6)
FNDA:0,(anonymous_7)
FNDA:29,(anonymous_8)
FNDA:17,(anonymous_9)
FNDA:26,(anonymous_10)
FNDA:19,(anonymous_11)
DA:1,36
DA:2,36
DA:3,36
DA:4,36
DA:5,36
DA:6,36
DA:7,36
DA:11,26
DA:16,288
DA:17,119
DA:23,119
DA:24,119
DA:25,1
DA:28,1
DA:30,118
DA:34,36
DA:36,36
DA:47,25
DA:48,25
DA:49,25
DA:50,25
DA:51,0
DA:52,0
DA:53,0
DA:55,25
DA:56,25
DA:57,25
DA:59,25
DA:63,36
DA:66,36
DA:70,1
DA:71,1
DA:72,1
DA:73,1
DA:74,0
DA:75,0
DA:76,0
DA:77,0
DA:82,0
DA:87,36
DA:94,2
DA:95,2
DA:96,2
DA:97,2
DA:98,1
DA:99,1
DA:100,1
DA:101,0
DA:106,36
DA:118,0
DA:119,0
DA:120,0
DA:121,0
DA:122,0
DA:123,0
DA:124,0
DA:125,0
DA:126,0
DA:127,0
DA:128,0
DA:135,36
DA:139,29
DA:140,28
DA:141,28
DA:142,27
DA:143,1
DA:144,26
DA:145,26
DA:146,25
DA:153,1
DA:154,1
DA:156,26
DA:157,26
DA:158,26
DA:163,26
DA:168,36
DA:179,17
DA:180,17
DA:181,17
DA:182,17
DA:183,17
DA:184,0
DA:185,17
DA:186,17
DA:187,17
DA:188,17
DA:189,17
DA:190,17
DA:191,17
DA:192,17
DA:193,17
DA:199,0
DA:201,17
DA:208,36
DA:215,26
DA:216,26
DA:217,26
DA:218,25
DA:219,25
DA:220,0
DA:221,25
DA:222,1
DA:225,24
DA:226,24
DA:227,0
DA:228,24
DA:231,24
DA:232,24
DA:237,36
DA:244,19
DA:245,19
DA:246,19
DA:247,19
DA:248,19
DA:249,1
DA:250,18
DA:251,1
DA:253,17
DA:254,17
DA:255,17
DA:256,17
DA:259,36
LF:122
LH:98
BRDA:24,0,0,1
BRDA:24,0,1,118
BRDA:47,1,0,0
BRDA:47,1,1,25
BRDA:50,2,0,0
BRDA:50,2,1,25
BRDA:70,3,0,0
BRDA:70,3,1,1
BRDA:73,4,0,1
BRDA:73,4,1,0
BRDA:94,5,0,0
BRDA:94,5,1,2
BRDA:97,6,0,1
BRDA:97,6,1,1
BRDA:97,7,0,2
BRDA:97,7,1,2
BRDA:99,8,0,1
BRDA:99,8,1,0
BRDA:118,9,0,0
BRDA:118,9,1,0
BRDA:121,10,0,0
BRDA:121,10,1,0
BRDA:121,11,0,0
BRDA:121,11,1,0
BRDA:123,12,0,0
BRDA:123,12,1,0
BRDA:139,13,0,1
BRDA:139,13,1,28
BRDA:142,14,0,1
BRDA:142,14,1,26
BRDA:142,15,0,27
BRDA:142,15,1,2
BRDA:145,16,0,25
BRDA:145,16,1,1
BRDA:179,17,0,0
BRDA:179,17,1,17
BRDA:182,18,0,0
BRDA:182,18,1,17
BRDA:183,19,0,0
BRDA:183,19,1,17
BRDA:196,20,0,17
BRDA:196,20,1,0
BRDA:215,21,0,0
BRDA:215,21,1,26
BRDA:218,22,0,0
BRDA:218,22,1,25
BRDA:219,23,0,0
BRDA:219,23,1,25
BRDA:221,24,0,1
BRDA:221,24,1,24
BRDA:226,25,0,0
BRDA:226,25,1,24
BRDA:228,26,0,24
BRDA:228,26,1,0
BRDA:244,27,0,0
BRDA:244,27,1,19
BRDA:247,28,0,0
BRDA:247,28,1,19
BRDA:248,29,0,1
BRDA:248,29,1,18
BRDA:250,30,0,1
BRDA:250,30,1,17
BRDA:250,31,0,18
BRDA:250,31,1,18
BRF:64
BRH:39
end_of_record
TN:
SF:routes/bikes.js
FN:25,handleValidation
FN:56,sanitize
FN:58,(anonymous_2)
FN:72,(anonymous_3)
FN:90,(anonymous_4)
FN:99,(anonymous_5)
FN:109,(anonymous_6)
FN:140,(anonymous_7)
FN:186,(anonymous_8)
FN:220,(anonymous_9)
FN:262,(anonymous_10)
FN:275,(anonymous_11)
FN:288,(anonymous_12)
FN:307,(anonymous_13)
FN:341,(anonymous_14)
FNF:15
FNH:14
FNDA:41,handleValidation
FNDA:25,sanitize
FNDA:300,(anonymous_2)
FNDA:28,(anonymous_3)
FNDA:5,(anonymous_4)
FNDA:4,(anonymous_5)
FNDA:1,(anonymous_6)
FNDA:28,(anonymous_7)
FNDA:2,(anonymous_8)
FNDA:5,(anonymous_9)
FNDA:2,(anonymous_10)
FNDA:4,(anonymous_11)
FNDA:4,(anonymous_12)
FNDA:2,(anonymous_13)
FNDA:0,(anonymous_14)
DA:1,36
DA:2,36
DA:3,36
DA:4,36
DA:5,36
DA:6,36
DA:7,36
DA:8,36
DA:9,36
DA:10,36
DA:11,36
DA:23,36
DA:26,41
DA:27,41
DA:28,0
DA:33,0
DA:35,41
DA:39,36
DA:40,36
DA:41,36
DA:57,25
DA:58,25
DA:59,300
DA:60,31
DA:61,31
DA:64,25
DA:69,36
DA:70,36
DA:71,36
DA:72,28
DA:82,36
DA:83,36
DA:84,0
DA:86,36
DA:87,36
DA:91,5
DA:92,1
DA:94,4
DA:99,36
DA:100,4
DA:101,4
DA:102,3
DA:104,1
DA:109,36
DA:110,1
DA:111,1
DA:112,1
DA:114,0
DA:119,36
DA:141,28
DA:142,28
DA:143,28
DA:144,11
DA:145,3
DA:149,8
DA:152,8
DA:153,4
DA:157,4
DA:159,4
DA:161,4
DA:162,0
DA:167,21
DA:168,21
DA:169,20
DA:170,2
DA:174,18
DA:175,0
DA:177,18
DA:178,18
DA:180,1
DA:186,36
DA:187,2
DA:188,2
DA:189,2
DA:190,2
DA:191,1
DA:192,1
DA:194,0
DA:199,36
DA:221,5
DA:222,5
DA:223,5
DA:224,1
DA:225,1
DA:229,0
DA:232,0
DA:233,0
DA:237,0
DA:239,0
DA:241,0
DA:242,0
DA:247,4
DA:252,3
DA:253,2
DA:254,2
DA:256,1
DA:262,36
DA:263,2
DA:264,2
DA:265,2
DA:266,2
DA:267,2
DA:268,2
DA:270,0
DA:275,36
DA:276,4
DA:277,4
DA:278,4
DA:279,4
DA:280,2
DA:281,2
DA:283,0
DA:288,36
DA:289,4
DA:290,4
DA:291,2
DA:292,2
DA:293,2
DA:294,1
DA:295,1
DA:297,0
DA:302,36
DA:308,2
DA:309,0
DA:314,2
DA:316,2
DA:321,2
DA:322,2
DA:323,2
DA:324,1
DA:325,1
DA:329,1
DA:331,1
DA:334,1
DA:335,1
DA:336,1
DA:337,0
DA:341,0
DA:343,1
DA:344,1
DA:346,1
DA:351,36
LF:142
LH:122
BRDA:27,0,0,0
BRDA:27,0,1,41
BRDA:59,1,0,31
BRDA:59,1,1,269
BRDA:61,2,0,0
BRDA:61,2,1,31
BRDA:69,3,0,36
BRDA:69,3,1,36
BRDA:71,4,0,36
BRDA:71,4,1,0
BRDA:82,5,0,36
BRDA:82,5,1,36
BRDA:83,6,0,0
BRDA:83,6,1,36
BRDA:91,7,0,1
BRDA:91,7,1,4
BRDA:141,8,0,0
BRDA:141,8,1,28
BRDA:143,9,0,11
BRDA:143,9,1,17
BRDA:144,10,0,3
BRDA:144,10,1,8
BRDA:152,11,0,4
BRDA:152,11,1,4
BRDA:160,12,0,0
BRDA:160,12,1,4
BRDA:160,13,0,4
BRDA:160,13,1,0
BRDA:161,14,0,0
BRDA:161,14,1,4
BRDA:169,15,0,2
BRDA:169,15,1,18
BRDA:174,16,0,0
BRDA:174,16,1,18
BRDA:187,17,0,0
BRDA:187,17,1,2
BRDA:190,18,0,1
BRDA:190,18,1,1
BRDA:221,19,0,0
BRDA:221,19,1,5
BRDA:223,20,0,1
BRDA:223,20,1,4
BRDA:224,21,0,1
BRDA:224,21,1,0
BRDA:232,22,0,0
BRDA:232,22,1,0
BRDA:240,23,0,0
BRDA:240,23,1,0
BRDA:240,24,0,0
BRDA:240,24,1,0
BRDA:241,25,0,0
BRDA:241,25,1,0
BRDA:252,26,0,1
BRDA:252,26,1,2
BRDA:263,27,0,0
BRDA:263,27,1,2
BRDA:266,28,0,0
BRDA:266,28,1,2
BRDA:266,29,0,2
BRDA:266,29,1,2
BRDA:276,30,0,0
BRDA:276,30,1,4
BRDA:279,31,0,2
BRDA:279,31,1,2
BRDA:290,32,0,2
BRDA:290,32,1,2
BRDA:293,33,0,1
BRDA:293,33,1,1
BRDA:308,34,0,0
BRDA:308,34,1,2
BRDA:316,35,0,2
BRDA:316,35,1,0
BRDA:318,36,0,0
BRDA:318,36,1,0
BRDA:329,37,0,0
BRDA:329,37,1,1
BRDA:331,38,0,0
BRDA:331,38,1,1
BRDA:331,39,0,1
BRDA:331,39,1,0
BRDA:336,40,0,0
BRDA:336,40,1,1
BRDA:336,41,0,1
BRDA:336,41,1,0
BRF:84
BRH:52
end_of_record
TN:
SF:routes/serviceRequests.js
FN:16,validate
FN:26,(anonymous_1)
FN:46,(anonymous_2)
FN:71,(anonymous_3)
FN:92,(anonymous_4)
FNF:5
FNH:5
FNDA:11,validate
FNDA:1,(anonymous_1)
FNDA:5,(anonymous_2)
FNDA:5,(anonymous_3)
FNDA:1,(anonymous_4)
DA:1,36
DA:2,36
DA:3,36
DA:4,36
DA:12,36
DA:13,36
DA:14,36
DA:17,11
DA:18,11
DA:19,3
DA:20,3
DA:22,8
DA:26,36
DA:27,1
DA:28,1
DA:29,0
DA:31,1
DA:36,36
DA:47,5
DA:48,3
DA:49,3
DA:50,2
DA:51,0
DA:55,2
DA:59,2
DA:61,1
DA:67,36
DA:72,5
DA:73,4
DA:74,4
DA:79,3
DA:80,1
DA:84,1
DA:86,1
DA:92,36
DA:93,1
DA:94,1
DA:100,1
DA:101,1
DA:102,1
DA:104,0
DA:108,36
LF:42
LH:39
BRDA:18,0,0,3
BRDA:18,0,1,8
BRDA:47,1,0,2
BRDA:47,1,1,3
BRDA:50,2,0,0
BRDA:50,2,1,2
BRDA:72,3,0,1
BRDA:72,3,1,4
BRDA:79,4,0,2
BRDA:79,4,1,1
BRDA:93,5,0,0
BRDA:93,5,1,1
BRF:12
BRH:10
end_of_record
TN:
SF:services/bikeService.js
FN:34,sanitize
FN:36,(anonymous_1)
FN:46,getMaxBikesPerUser
FN:50,createBikeForOwner
FN:61,updateBike
FN:69,getBike
FN:73,listOwnerBikes
FN:77,listOwnerDeletedBikes
FN:81,softDelete
FN:87,restore
FNF:10
FNH:10
FNDA:30,sanitize
FNDA:360,(anonymous_1)
FNDA:28,getMaxBikesPerUser
FNDA:28,createBikeForOwner
FNDA:5,updateBike
FNDA:2,getBike
FNDA:4,listOwnerBikes
FNDA:1,listOwnerDeletedBikes
FNDA:4,softDelete
FNDA:7,restore
DA:12,36
DA:14,36
DA:19,36
DA:35,30
DA:36,30
DA:37,360
DA:38,36
DA:39,36
DA:42,30
DA:43,30
DA:47,28
DA:51,28
DA:52,28
DA:53,28
DA:54,3
DA:56,25
DA:57,25
DA:58,24
DA:62,5
DA:63,5
DA:64,5
DA:65,4
DA:66,3
DA:70,2
DA:74,4
DA:78,1
DA:82,4
DA:83,4
DA:84,4
DA:88,7
DA:89,7
DA:90,3
DA:93,36
LF:33
LH:33
BRDA:37,0,0,36
BRDA:37,0,1,324
BRDA:39,1,0,0
BRDA:39,1,1,36
BRDA:42,2,0,25
BRDA:42,2,1,5
BRDA:47,3,0,28
BRDA:47,3,1,16
BRDA:53,4,0,3
BRDA:53,4,1,25
BRDA:65,5,0,1
BRDA:65,5,1,3
BRDA:83,6,0,0
BRDA:83,6,1,4
BRDA:89,7,0,4
BRDA:89,7,1,3
BRF:16
BRH:14
end_of_record
TN:
SF:services/serviceRequestService.js
FN:10,createServiceRequest
FN:19,listOwnerRequests
FN:23,changeStatus
FN:29,deleteRequest
FNF:4
FNH:4
FNDA:5,createServiceRequest
FNDA:1,listOwnerRequests
FNDA:5,changeStatus
FNDA:1,deleteRequest
DA:2,36
DA:3,36
DA:5,36
DA:11,5
DA:12,5
DA:13,5
DA:14,4
DA:15,4
DA:16,3
DA:20,1
DA:24,5
DA:25,4
DA:26,2
DA:30,1
DA:31,1
DA:34,36
LF:16
LH:16
BRDA:13,0,0,1
BRDA:13,0,1,4
BRDA:13,1,0,5
BRDA:13,1,1,4
BRDA:25,2,0,2
BRDA:25,2,1,2
BRF:6
BRH:6
end_of_record
TN:
SF:services/userService.js
FN:5,ensureUserWithPassword
FN:16,setPassword
FNF:2
FNH:2
FNDA:1,ensureUserWithPassword
FNDA:1,setPassword
DA:2,1
DA:3,1
DA:6,1
DA:7,1
DA:8,0
DA:9,1
DA:10,0
DA:11,0
DA:13,1
DA:17,1
DA:18,1
DA:19,1
DA:20,1
DA:23,1
LF:14
LH:11
BRDA:7,0,0,0
BRDA:7,0,1,1
BRDA:9,1,0,0
BRDA:9,1,1,1
BRDA:18,2,0,0
BRDA:18,2,1,1
BRF:6
BRH:3
end_of_record
TN:
SF:tests/helpers/testFactory.js
FN:7,ensureDb
FN:35,(anonymous_1)
FN:43,(anonymous_2)
FN:51,(anonymous_3)
FN:60,stopMemory
FN:71,createUserAndLogin
FN:102,createBike
FN:111,elevateToAdmin
FNF:8
FNH:6
FNDA:39,ensureDb
FNDA:0,(anonymous_1)
FNDA:25,(anonymous_2)
FNDA:0,(anonymous_3)
FNDA:36,stopMemory
FNDA:16,createUserAndLogin
FNDA:3,createBike
FNDA:1,elevateToAdmin
DA:1,36
DA:2,36
DA:3,36
DA:8,39
DA:9,25
DA:10,0
DA:11,0
DA:13,25
DA:14,25
DA:15,0
DA:17,0
DA:19,0
DA:21,0
DA:22,0
DA:23,0
DA:29,0
DA:31,0
DA:32,0
DA:33,0
DA:35,0
DA:38,0
DA:40,0
DA:43,25
DA:44,25
DA:45,25
DA:46,25
DA:47,25
DA:48,25
DA:50,0
DA:51,0
DA:55,25
DA:56,25
DA:61,36
DA:62,0
DA:63,0
DA:67,0
DA:72,16
DA:73,16
DA:74,16
DA:79,16
DA:80,16
DA:81,16
DA:82,16
DA:83,16
DA:84,16
DA:95,16
DA:99,16
DA:103,3
DA:108,3
DA:112,1
DA:113,1
DA:116,36
LF:52
LH:32
BRDA:8,0,0,14
BRDA:8,0,1,25
BRDA:9,1,0,0
BRDA:9,1,1,25
BRDA:13,2,0,25
BRDA:13,2,1,0
BRDA:14,3,0,0
BRDA:14,3,1,25
BRDA:17,4,0,0
BRDA:17,4,1,0
BRDA:32,5,0,0
BRDA:32,5,1,0
BRDA:38,6,0,0
BRDA:38,6,1,0
BRDA:38,7,0,0
BRDA:38,7,1,0
BRDA:50,8,0,0
BRDA:50,8,1,0
BRDA:61,9,0,0
BRDA:61,9,1,36
BRDA:71,10,0,0
BRDA:102,11,0,0
BRF:22
BRH:6
end_of_record
TN:
SF:utils/auditLog.js
FN:6,auditLog
FN:13,(anonymous_1)
FNF:2
FNH:2
FNDA:112,auditLog
FNDA:107,(anonymous_1)
DA:1,36
DA:2,36
DA:4,36
DA:7,112
DA:13,112
DA:14,107
DA:18,36
LF:7
LH:7
BRDA:6,0,0,1
BRDA:14,1,0,1
BRDA:14,1,1,106
BRF:3
BRH:3
end_of_record
TN:
SF:utils/errorCodes.js
FNF:0
FNH:0
DA:2,36
LF:1
LH:1
BRF:0
BRH:0
end_of_record
TN:
SF:utils/mailer.js
FN:15,sendMail
FNF:1
FNH:1
FNDA:46,sendMail
DA:1,38
DA:3,38
DA:4,38
DA:5,2
DA:16,46
DA:18,44
DA:20,2
DA:21,2
DA:22,1
DA:24,1
DA:25,1
DA:27,1
DA:31,38
LF:13
LH:13
BRDA:4,0,0,2
BRDA:4,0,1,36
BRDA:16,1,0,44
BRDA:16,1,1,2
BRDA:24,2,0,1
BRDA:24,2,1,0
BRF:6
BRH:5
end_of_record
