{"/Applications/cykloservis_app/backend/docs.js": {"path":"/Applications/cykloservis_app/backend/docs.js","statementMap":{"0":{"start":{"line":1,"column":11},"end":{"line":1,"column":24}},"1":{"start":{"line":2,"column":13},"end":{"line":2,"column":28}},"2":{"start":{"line":3,"column":13},"end":{"line":3,"column":28}},"3":{"start":{"line":4,"column":18},"end":{"line":4,"column":47}},"4":{"start":{"line":6,"column":17},"end":{"line":6,"column":53}},"5":{"start":{"line":7,"column":12},"end":{"line":7,"column":45}},"6":{"start":{"line":8,"column":19},"end":{"line":8,"column":34}},"7":{"start":{"line":11,"column":2},"end":{"line":11,"column":62}},"8":{"start":{"line":11,"column":40},"end":{"line":11,"column":60}},"9":{"start":{"line":12,"column":2},"end":{"line":12,"column":69}},"10":{"start":{"line":15,"column":0},"end":{"line":15,"column":43}}},"fnMap":{"0":{"name":"setupDocs","decl":{"start":{"line":10,"column":9},"end":{"line":10,"column":18}},"loc":{"start":{"line":10,"column":24},"end":{"line":13,"column":1}},"line":10},"1":{"name":"(anonymous_1)","decl":{"start":{"line":11,"column":26},"end":{"line":11,"column":27}},"loc":{"start":{"line":11,"column":40},"end":{"line":11,"column":60}},"line":11}},"branchMap":{},"s":{"0":1,"1":1,"2":1,"3":1,"4":1,"5":1,"6":1,"7":1,"8":0,"9":1,"10":1},"f":{"0":1,"1":0},"b":{},"_coverageSchema":"1a1c01bbd47fc00a2c39e90264f33305004495a9","hash":"f3fd9593357269788bae3426b7ea7fc59b20cea1"}
,"/Applications/cykloservis_app/backend/index.js": {"path":"/Applications/cykloservis_app/backend/index.js","statementMap":{"0":{"start":{"line":1,"column":0},"end":{"line":1,"column":27}},"1":{"start":{"line":2,"column":16},"end":{"line":2,"column":34}},"2":{"start":{"line":3,"column":15},"end":{"line":3,"column":32}},"3":{"start":{"line":4,"column":17},"end":{"line":4,"column":36}},"4":{"start":{"line":5,"column":13},"end":{"line":5,"column":28}},"5":{"start":{"line":6,"column":13},"end":{"line":6,"column":28}},"6":{"start":{"line":13,"column":15},"end":{"line":13,"column":43}},"7":{"start":{"line":14,"column":0},"end":{"line":27,"column":1}},"8":{"start":{"line":15,"column":2},"end":{"line":15,"column":44}},"9":{"start":{"line":16,"column":2},"end":{"line":21,"column":5}},"10":{"start":{"line":22,"column":2},"end":{"line":26,"column":5}},"11":{"start":{"line":29,"column":34},"end":{"line":29,"column":64}},"12":{"start":{"line":31,"column":46},"end":{"line":31,"column":66}},"13":{"start":{"line":32,"column":22},"end":{"line":32,"column":39}},"14":{"start":{"line":34,"column":0},"end":{"line":36,"column":1}},"15":{"start":{"line":35,"column":2},"end":{"line":35,"column":41}},"16":{"start":{"line":37,"column":12},"end":{"line":37,"column":21}},"17":{"start":{"line":38,"column":0},"end":{"line":38,"column":26}},"18":{"start":{"line":39,"column":0},"end":{"line":43,"column":2}},"19":{"start":{"line":44,"column":0},"end":{"line":44,"column":23}},"20":{"start":{"line":45,"column":0},"end":{"line":45,"column":27}},"21":{"start":{"line":47,"column":18},"end":{"line":47,"column":52}},"22":{"start":{"line":48,"column":0},"end":{"line":48,"column":44}},"23":{"start":{"line":49,"column":0},"end":{"line":56,"column":2}},"24":{"start":{"line":57,"column":0},"end":{"line":65,"column":1}},"25":{"start":{"line":58,"column":2},"end":{"line":58,"column":19}},"26":{"start":{"line":60,"column":2},"end":{"line":60,"column":43}},"27":{"start":{"line":61,"column":2},"end":{"line":61,"column":46}},"28":{"start":{"line":62,"column":2},"end":{"line":62,"column":53}},"29":{"start":{"line":63,"column":2},"end":{"line":63,"column":51}},"30":{"start":{"line":64,"column":2},"end":{"line":64,"column":52}},"31":{"start":{"line":68,"column":0},"end":{"line":68,"column":43}},"32":{"start":{"line":70,"column":0},"end":{"line":70,"column":45}},"33":{"start":{"line":72,"column":0},"end":{"line":72,"column":45}},"34":{"start":{"line":74,"column":0},"end":{"line":74,"column":66}},"35":{"start":{"line":77,"column":0},"end":{"line":87,"column":2}},"36":{"start":{"line":84,"column":6},"end":{"line":84,"column":74}},"37":{"start":{"line":90,"column":2},"end":{"line":92,"column":71}},"38":{"start":{"line":91,"column":16},"end":{"line":91,"column":48}},"39":{"start":{"line":92,"column":20},"end":{"line":92,"column":69}},"40":{"start":{"line":95,"column":0},"end":{"line":99,"column":1}},"41":{"start":{"line":96,"column":2},"end":{"line":96,"column":17}},"42":{"start":{"line":98,"column":2},"end":{"line":98,"column":86}},"43":{"start":{"line":101,"column":0},"end":{"line":103,"column":3}},"44":{"start":{"line":102,"column":2},"end":{"line":102,"column":38}},"45":{"start":{"line":105,"column":19},"end":{"line":105,"column":86}},"46":{"start":{"line":106,"column":0},"end":{"line":106,"column":48}},"47":{"start":{"line":108,"column":0},"end":{"line":110,"column":3}},"48":{"start":{"line":109,"column":2},"end":{"line":109,"column":67}},"49":{"start":{"line":112,"column":0},"end":{"line":116,"column":3}},"50":{"start":{"line":113,"column":18},"end":{"line":113,"column":48}},"51":{"start":{"line":114,"column":16},"end":{"line":114,"column":59}},"52":{"start":{"line":115,"column":2},"end":{"line":115,"column":89}},"53":{"start":{"line":118,"column":0},"end":{"line":118,"column":15}},"54":{"start":{"line":120,"column":0},"end":{"line":120,"column":40}},"55":{"start":{"line":123,"column":21},"end":{"line":123,"column":57}},"56":{"start":{"line":124,"column":0},"end":{"line":124,"column":22}},"57":{"start":{"line":127,"column":0},"end":{"line":131,"column":1}},"58":{"start":{"line":129,"column":15},"end":{"line":129,"column":39}},"59":{"start":{"line":130,"column":2},"end":{"line":130,"column":83}},"60":{"start":{"line":130,"column":34},"end":{"line":130,"column":81}},"61":{"start":{"line":135,"column":2},"end":{"line":135,"column":28}},"62":{"start":{"line":135,"column":14},"end":{"line":135,"column":28}},"63":{"start":{"line":136,"column":2},"end":{"line":136,"column":25}},"64":{"start":{"line":137,"column":2},"end":{"line":137,"column":16}},"65":{"start":{"line":142,"column":2},"end":{"line":142,"column":44}},"66":{"start":{"line":143,"column":17},"end":{"line":143,"column":45}},"67":{"start":{"line":144,"column":17},"end":{"line":146,"column":3}},"68":{"start":{"line":145,"column":4},"end":{"line":145,"column":33}},"69":{"start":{"line":145,"column":17},"end":{"line":145,"column":33}},"70":{"start":{"line":147,"column":19},"end":{"line":149,"column":3}},"71":{"start":{"line":148,"column":4},"end":{"line":148,"column":33}},"72":{"start":{"line":148,"column":17},"end":{"line":148,"column":33}},"73":{"start":{"line":150,"column":21},"end":{"line":160,"column":3}},"74":{"start":{"line":151,"column":4},"end":{"line":158,"column":5}},"75":{"start":{"line":152,"column":6},"end":{"line":155,"column":7}},"76":{"start":{"line":153,"column":8},"end":{"line":153,"column":42}},"77":{"start":{"line":154,"column":8},"end":{"line":154,"column":85}},"78":{"start":{"line":157,"column":6},"end":{"line":157,"column":62}},"79":{"start":{"line":159,"column":4},"end":{"line":159,"column":13}},"80":{"start":{"line":161,"column":2},"end":{"line":173,"column":3}},"81":{"start":{"line":162,"column":4},"end":{"line":170,"column":5}},"82":{"start":{"line":163,"column":6},"end":{"line":166,"column":9}},"83":{"start":{"line":164,"column":8},"end":{"line":164,"column":42}},"84":{"start":{"line":165,"column":8},"end":{"line":165,"column":21}},"85":{"start":{"line":168,"column":6},"end":{"line":168,"column":57}},"86":{"start":{"line":169,"column":6},"end":{"line":169,"column":45}},"87":{"start":{"line":172,"column":4},"end":{"line":172,"column":28}},"88":{"start":{"line":175,"column":2},"end":{"line":180,"column":3}},"89":{"start":{"line":176,"column":4},"end":{"line":179,"column":21}},"90":{"start":{"line":177,"column":6},"end":{"line":177,"column":47}},"91":{"start":{"line":178,"column":6},"end":{"line":178,"column":17}},"92":{"start":{"line":182,"column":0},"end":{"line":184,"column":1}},"93":{"start":{"line":183,"column":2},"end":{"line":183,"column":79}},"94":{"start":{"line":183,"column":41},"end":{"line":183,"column":77}},"95":{"start":{"line":183,"column":63},"end":{"line":183,"column":76}},"96":{"start":{"line":186,"column":0},"end":{"line":186,"column":21}},"97":{"start":{"line":188,"column":0},"end":{"line":188,"column":74}},"98":{"start":{"line":189,"column":0},"end":{"line":189,"column":36}},"99":{"start":{"line":190,"column":0},"end":{"line":190,"column":51}},"100":{"start":{"line":191,"column":0},"end":{"line":191,"column":43}}},"fnMap":{"0":{"name":"(anonymous_0)","decl":{"start":{"line":83,"column":16},"end":{"line":83,"column":17}},"loc":{"start":{"line":83,"column":25},"end":{"line":85,"column":5}},"line":83},"1":{"name":"connectMongo","decl":{"start":{"line":89,"column":9},"end":{"line":89,"column":21}},"loc":{"start":{"line":89,"column":54},"end":{"line":93,"column":1}},"line":89},"2":{"name":"(anonymous_2)","decl":{"start":{"line":91,"column":10},"end":{"line":91,"column":11}},"loc":{"start":{"line":91,"column":16},"end":{"line":91,"column":48}},"line":91},"3":{"name":"(anonymous_3)","decl":{"start":{"line":92,"column":11},"end":{"line":92,"column":12}},"loc":{"start":{"line":92,"column":20},"end":{"line":92,"column":69}},"line":92},"4":{"name":"(anonymous_4)","decl":{"start":{"line":101,"column":13},"end":{"line":101,"column":14}},"loc":{"start":{"line":101,"column":27},"end":{"line":103,"column":1}},"line":101},"5":{"name":"(anonymous_5)","decl":{"start":{"line":108,"column":30},"end":{"line":108,"column":31}},"loc":{"start":{"line":108,"column":44},"end":{"line":110,"column":1}},"line":108},"6":{"name":"(anonymous_6)","decl":{"start":{"line":112,"column":29},"end":{"line":112,"column":30}},"loc":{"start":{"line":112,"column":49},"end":{"line":116,"column":1}},"line":112},"7":{"name":"(anonymous_7)","decl":{"start":{"line":130,"column":28},"end":{"line":130,"column":29}},"loc":{"start":{"line":130,"column":34},"end":{"line":130,"column":81}},"line":130},"8":{"name":"_startTestServer","decl":{"start":{"line":134,"column":9},"end":{"line":134,"column":25}},"loc":{"start":{"line":134,"column":28},"end":{"line":138,"column":1}},"line":134},"9":{"name":"shutdown","decl":{"start":{"line":141,"column":9},"end":{"line":141,"column":17}},"loc":{"start":{"line":141,"column":26},"end":{"line":181,"column":1}},"line":141},"10":{"name":"(anonymous_10)","decl":{"start":{"line":144,"column":17},"end":{"line":144,"column":18}},"loc":{"start":{"line":144,"column":23},"end":{"line":146,"column":3}},"line":144},"11":{"name":"(anonymous_11)","decl":{"start":{"line":147,"column":19},"end":{"line":147,"column":20}},"loc":{"start":{"line":147,"column":25},"end":{"line":149,"column":3}},"line":147},"12":{"name":"(anonymous_12)","decl":{"start":{"line":150,"column":21},"end":{"line":150,"column":22}},"loc":{"start":{"line":150,"column":40},"end":{"line":160,"column":3}},"line":150},"13":{"name":"(anonymous_13)","decl":{"start":{"line":163,"column":19},"end":{"line":163,"column":20}},"loc":{"start":{"line":163,"column":25},"end":{"line":166,"column":7}},"line":163},"14":{"name":"(anonymous_14)","decl":{"start":{"line":176,"column":15},"end":{"line":176,"column":16}},"loc":{"start":{"line":176,"column":21},"end":{"line":179,"column":5}},"line":176},"15":{"name":"(anonymous_15)","decl":{"start":{"line":183,"column":32},"end":{"line":183,"column":33}},"loc":{"start":{"line":183,"column":41},"end":{"line":183,"column":77}},"line":183},"16":{"name":"(anonymous_16)","decl":{"start":{"line":183,"column":57},"end":{"line":183,"column":58}},"loc":{"start":{"line":183,"column":63},"end":{"line":183,"column":76}},"line":183}},"branchMap":{"0":{"loc":{"start":{"line":14,"column":0},"end":{"line":27,"column":1}},"type":"if","locations":[{"start":{"line":14,"column":0},"end":{"line":27,"column":1}},{"start":{},"end":{}}],"line":14},"1":{"loc":{"start":{"line":34,"column":0},"end":{"line":36,"column":1}},"type":"if","locations":[{"start":{"line":34,"column":0},"end":{"line":36,"column":1}},{"start":{},"end":{}}],"line":34},"2":{"loc":{"start":{"line":47,"column":18},"end":{"line":47,"column":52}},"type":"binary-expr","locations":[{"start":{"line":47,"column":18},"end":{"line":47,"column":43}},{"start":{"line":47,"column":47},"end":{"line":47,"column":52}}],"line":47},"3":{"loc":{"start":{"line":57,"column":0},"end":{"line":65,"column":1}},"type":"if","locations":[{"start":{"line":57,"column":0},"end":{"line":65,"column":1}},{"start":{},"end":{}}],"line":57},"4":{"loc":{"start":{"line":89,"column":22},"end":{"line":89,"column":52}},"type":"default-arg","locations":[{"start":{"line":89,"column":36},"end":{"line":89,"column":52}}],"line":89},"5":{"loc":{"start":{"line":95,"column":0},"end":{"line":99,"column":1}},"type":"if","locations":[{"start":{"line":95,"column":0},"end":{"line":99,"column":1}},{"start":{"line":97,"column":7},"end":{"line":99,"column":1}}],"line":95},"6":{"loc":{"start":{"line":95,"column":4},"end":{"line":95,"column":55}},"type":"binary-expr","locations":[{"start":{"line":95,"column":4},"end":{"line":95,"column":24}},{"start":{"line":95,"column":28},"end":{"line":95,"column":55}}],"line":95},"7":{"loc":{"start":{"line":105,"column":19},"end":{"line":105,"column":86}},"type":"binary-expr","locations":[{"start":{"line":105,"column":19},"end":{"line":105,"column":47}},{"start":{"line":105,"column":51},"end":{"line":105,"column":86}}],"line":105},"8":{"loc":{"start":{"line":114,"column":16},"end":{"line":114,"column":59}},"type":"cond-expr","locations":[{"start":{"line":114,"column":39},"end":{"line":114,"column":52}},{"start":{"line":114,"column":55},"end":{"line":114,"column":59}}],"line":114},"9":{"loc":{"start":{"line":115,"column":13},"end":{"line":115,"column":30}},"type":"cond-expr","locations":[{"start":{"line":115,"column":21},"end":{"line":115,"column":24}},{"start":{"line":115,"column":27},"end":{"line":115,"column":30}}],"line":115},"10":{"loc":{"start":{"line":115,"column":47},"end":{"line":115,"column":76}},"type":"cond-expr","locations":[{"start":{"line":115,"column":55},"end":{"line":115,"column":62}},{"start":{"line":115,"column":65},"end":{"line":115,"column":76}}],"line":115},"11":{"loc":{"start":{"line":127,"column":0},"end":{"line":131,"column":1}},"type":"if","locations":[{"start":{"line":127,"column":0},"end":{"line":131,"column":1}},{"start":{},"end":{}}],"line":127},"12":{"loc":{"start":{"line":129,"column":15},"end":{"line":129,"column":39}},"type":"binary-expr","locations":[{"start":{"line":129,"column":15},"end":{"line":129,"column":31}},{"start":{"line":129,"column":35},"end":{"line":129,"column":39}}],"line":129},"13":{"loc":{"start":{"line":135,"column":2},"end":{"line":135,"column":28}},"type":"if","locations":[{"start":{"line":135,"column":2},"end":{"line":135,"column":28}},{"start":{},"end":{}}],"line":135},"14":{"loc":{"start":{"line":145,"column":4},"end":{"line":145,"column":33}},"type":"if","locations":[{"start":{"line":145,"column":4},"end":{"line":145,"column":33}},{"start":{},"end":{}}],"line":145},"15":{"loc":{"start":{"line":148,"column":4},"end":{"line":148,"column":33}},"type":"if","locations":[{"start":{"line":148,"column":4},"end":{"line":148,"column":33}},{"start":{},"end":{}}],"line":148},"16":{"loc":{"start":{"line":152,"column":6},"end":{"line":155,"column":7}},"type":"if","locations":[{"start":{"line":152,"column":6},"end":{"line":155,"column":7}},{"start":{},"end":{}}],"line":152},"17":{"loc":{"start":{"line":152,"column":10},"end":{"line":152,"column":69}},"type":"binary-expr","locations":[{"start":{"line":152,"column":10},"end":{"line":152,"column":29}},{"start":{"line":152,"column":33},"end":{"line":152,"column":69}}],"line":152},"18":{"loc":{"start":{"line":154,"column":46},"end":{"line":154,"column":81}},"type":"cond-expr","locations":[{"start":{"line":154,"column":56},"end":{"line":154,"column":76}},{"start":{"line":154,"column":79},"end":{"line":154,"column":81}}],"line":154},"19":{"loc":{"start":{"line":161,"column":2},"end":{"line":173,"column":3}},"type":"if","locations":[{"start":{"line":161,"column":2},"end":{"line":173,"column":3}},{"start":{"line":171,"column":9},"end":{"line":173,"column":3}}],"line":161},"20":{"loc":{"start":{"line":175,"column":2},"end":{"line":180,"column":3}},"type":"if","locations":[{"start":{"line":175,"column":2},"end":{"line":180,"column":3}},{"start":{},"end":{}}],"line":175},"21":{"loc":{"start":{"line":182,"column":0},"end":{"line":184,"column":1}},"type":"if","locations":[{"start":{"line":182,"column":0},"end":{"line":184,"column":1}},{"start":{},"end":{}}],"line":182},"22":{"loc":{"start":{"line":188,"column":31},"end":{"line":188,"column":73}},"type":"cond-expr","locations":[{"start":{"line":188,"column":41},"end":{"line":188,"column":68}},{"start":{"line":188,"column":71},"end":{"line":188,"column":73}}],"line":188}},"s":{"0":1,"1":1,"2":1,"3":1,"4":1,"5":1,"6":1,"7":1,"8":0,"9":0,"10":0,"11":1,"12":1,"13":1,"14":1,"15":0,"16":1,"17":1,"18":1,"19":1,"20":1,"21":1,"22":1,"23":1,"24":1,"25":0,"26":0,"27":0,"28":0,"29":0,"30":0,"31":1,"32":1,"33":1,"34":1,"35":1,"36":0,"37":0,"38":0,"39":0,"40":1,"41":0,"42":1,"43":1,"44":0,"45":1,"46":1,"47":1,"48":0,"49":1,"50":0,"51":0,"52":0,"53":1,"54":1,"55":1,"56":1,"57":1,"58":0,"59":0,"60":0,"61":1,"62":0,"63":1,"64":1,"65":2,"66":2,"67":2,"68":2,"69":0,"70":2,"71":0,"72":0,"73":2,"74":2,"75":2,"76":0,"77":0,"78":0,"79":2,"80":2,"81":1,"82":1,"83":1,"84":1,"85":0,"86":0,"87":1,"88":2,"89":0,"90":0,"91":0,"92":1,"93":0,"94":0,"95":0,"96":1,"97":1,"98":1,"99":1,"100":1},"f":{"0":0,"1":0,"2":0,"3":0,"4":0,"5":0,"6":0,"7":0,"8":1,"9":2,"10":2,"11":0,"12":2,"13":1,"14":0,"15":0,"16":0},"b":{"0":[0,1],"1":[0,1],"2":[1,1],"3":[0,1],"4":[0],"5":[0,1],"6":[1,0],"7":[1,1],"8":[0,0],"9":[0,0],"10":[0,0],"11":[0,1],"12":[0,0],"13":[0,1],"14":[0,2],"15":[0,0],"16":[0,2],"17":[2,2],"18":[0,0],"19":[1,1],"20":[0,2],"21":[0,1],"22":[0,1]},"_coverageSchema":"1a1c01bbd47fc00a2c39e90264f33305004495a9","hash":"4c54f172c87f752ba8e29cf8f14aeec428574c4f"}
,"/Applications/cykloservis_app/backend/metrics.js": {"path":"/Applications/cykloservis_app/backend/metrics.js","statementMap":{"0":{"start":{"line":1,"column":15},"end":{"line":1,"column":37}},"1":{"start":{"line":4,"column":25},"end":{"line":4,"column":33}},"2":{"start":{"line":5,"column":0},"end":{"line":7,"column":1}},"3":{"start":{"line":6,"column":2},"end":{"line":6,"column":74}},"4":{"start":{"line":9,"column":30},"end":{"line":14,"column":2}},"5":{"start":{"line":16,"column":26},"end":{"line":20,"column":2}},"6":{"start":{"line":23,"column":16},"end":{"line":23,"column":39}},"7":{"start":{"line":24,"column":2},"end":{"line":30,"column":5}},"8":{"start":{"line":25,"column":18},"end":{"line":25,"column":73}},"9":{"start":{"line":26,"column":19},"end":{"line":26,"column":80}},"10":{"start":{"line":27,"column":4},"end":{"line":27,"column":34}},"11":{"start":{"line":28,"column":18},"end":{"line":28,"column":63}},"12":{"start":{"line":29,"column":4},"end":{"line":29,"column":49}},"13":{"start":{"line":31,"column":2},"end":{"line":31,"column":9}},"14":{"start":{"line":35,"column":2},"end":{"line":35,"column":55}},"15":{"start":{"line":36,"column":2},"end":{"line":40,"column":3}},"16":{"start":{"line":37,"column":4},"end":{"line":37,"column":45}},"17":{"start":{"line":39,"column":4},"end":{"line":39,"column":43}},"18":{"start":{"line":43,"column":0},"end":{"line":43,"column":75}}},"fnMap":{"0":{"name":"(anonymous_0)","decl":{"start":{"line":4,"column":25},"end":{"line":4,"column":26}},"loc":{"start":{"line":4,"column":31},"end":{"line":4,"column":33}},"line":4},"1":{"name":"metricsMiddleware","decl":{"start":{"line":22,"column":9},"end":{"line":22,"column":26}},"loc":{"start":{"line":22,"column":43},"end":{"line":32,"column":1}},"line":22},"2":{"name":"(anonymous_2)","decl":{"start":{"line":24,"column":19},"end":{"line":24,"column":20}},"loc":{"start":{"line":24,"column":25},"end":{"line":30,"column":3}},"line":24},"3":{"name":"metricsHandler","decl":{"start":{"line":34,"column":15},"end":{"line":34,"column":29}},"loc":{"start":{"line":34,"column":40},"end":{"line":41,"column":1}},"line":34}},"branchMap":{"0":{"loc":{"start":{"line":5,"column":0},"end":{"line":7,"column":1}},"type":"if","locations":[{"start":{"line":5,"column":0},"end":{"line":7,"column":1}},{"start":{},"end":{}}],"line":5},"1":{"loc":{"start":{"line":25,"column":18},"end":{"line":25,"column":73}},"type":"cond-expr","locations":[{"start":{"line":25,"column":48},"end":{"line":25,"column":62}},{"start":{"line":25,"column":65},"end":{"line":25,"column":73}}],"line":25},"2":{"loc":{"start":{"line":25,"column":18},"end":{"line":25,"column":45}},"type":"binary-expr","locations":[{"start":{"line":25,"column":18},"end":{"line":25,"column":27}},{"start":{"line":25,"column":31},"end":{"line":25,"column":45}}],"line":25}},"s":{"0":1,"1":1,"2":1,"3":0,"4":1,"5":1,"6":0,"7":0,"8":0,"9":0,"10":0,"11":0,"12":0,"13":0,"14":0,"15":0,"16":0,"17":0,"18":1},"f":{"0":0,"1":0,"2":0,"3":0},"b":{"0":[0,1],"1":[0,0],"2":[0,0]},"_coverageSchema":"1a1c01bbd47fc00a2c39e90264f33305004495a9","hash":"f364d1b8d46ca4f20e583324dfc93885e11c66c7"}
,"/Applications/cykloservis_app/backend/middleware/auth.js": {"path":"/Applications/cykloservis_app/backend/middleware/auth.js","statementMap":{"0":{"start":{"line":1,"column":12},"end":{"line":1,"column":35}},"1":{"start":{"line":2,"column":13},"end":{"line":2,"column":38}},"2":{"start":{"line":7,"column":2},"end":{"line":18,"column":3}},"3":{"start":{"line":8,"column":17},"end":{"line":8,"column":48}},"4":{"start":{"line":9,"column":18},"end":{"line":9,"column":67}},"5":{"start":{"line":10,"column":4},"end":{"line":10,"column":30}},"6":{"start":{"line":10,"column":16},"end":{"line":10,"column":30}},"7":{"start":{"line":11,"column":20},"end":{"line":11,"column":61}},"8":{"start":{"line":12,"column":15},"end":{"line":12,"column":53}},"9":{"start":{"line":13,"column":2},"end":{"line":13,"column":94}},"10":{"start":{"line":13,"column":12},"end":{"line":13,"column":94}},"11":{"start":{"line":17,"column":4},"end":{"line":17,"column":11}},"12":{"start":{"line":23,"column":2},"end":{"line":34,"column":3}},"13":{"start":{"line":24,"column":17},"end":{"line":24,"column":48}},"14":{"start":{"line":25,"column":18},"end":{"line":25,"column":67}},"15":{"start":{"line":26,"column":4},"end":{"line":26,"column":73}},"16":{"start":{"line":26,"column":16},"end":{"line":26,"column":73}},"17":{"start":{"line":27,"column":20},"end":{"line":27,"column":61}},"18":{"start":{"line":28,"column":15},"end":{"line":28,"column":53}},"19":{"start":{"line":29,"column":2},"end":{"line":29,"column":70}},"20":{"start":{"line":29,"column":13},"end":{"line":29,"column":70}},"21":{"start":{"line":30,"column":2},"end":{"line":30,"column":84}},"22":{"start":{"line":31,"column":4},"end":{"line":31,"column":11}},"23":{"start":{"line":33,"column":4},"end":{"line":33,"column":61}},"24":{"start":{"line":37,"column":0},"end":{"line":37,"column":47}}},"fnMap":{"0":{"name":"authOptional","decl":{"start":{"line":6,"column":15},"end":{"line":6,"column":27}},"loc":{"start":{"line":6,"column":44},"end":{"line":19,"column":1}},"line":6},"1":{"name":"requireAuth","decl":{"start":{"line":22,"column":15},"end":{"line":22,"column":26}},"loc":{"start":{"line":22,"column":43},"end":{"line":35,"column":1}},"line":22}},"branchMap":{"0":{"loc":{"start":{"line":8,"column":17},"end":{"line":8,"column":48}},"type":"binary-expr","locations":[{"start":{"line":8,"column":17},"end":{"line":8,"column":42}},{"start":{"line":8,"column":46},"end":{"line":8,"column":48}}],"line":8},"1":{"loc":{"start":{"line":9,"column":18},"end":{"line":9,"column":67}},"type":"cond-expr","locations":[{"start":{"line":9,"column":47},"end":{"line":9,"column":60}},{"start":{"line":9,"column":63},"end":{"line":9,"column":67}}],"line":9},"2":{"loc":{"start":{"line":10,"column":4},"end":{"line":10,"column":30}},"type":"if","locations":[{"start":{"line":10,"column":4},"end":{"line":10,"column":30}},{"start":{},"end":{}}],"line":10},"3":{"loc":{"start":{"line":13,"column":2},"end":{"line":13,"column":94}},"type":"if","locations":[{"start":{"line":13,"column":2},"end":{"line":13,"column":94}},{"start":{},"end":{}}],"line":13},"4":{"loc":{"start":{"line":13,"column":72},"end":{"line":13,"column":91}},"type":"binary-expr","locations":[{"start":{"line":13,"column":72},"end":{"line":13,"column":81}},{"start":{"line":13,"column":85},"end":{"line":13,"column":91}}],"line":13},"5":{"loc":{"start":{"line":24,"column":17},"end":{"line":24,"column":48}},"type":"binary-expr","locations":[{"start":{"line":24,"column":17},"end":{"line":24,"column":42}},{"start":{"line":24,"column":46},"end":{"line":24,"column":48}}],"line":24},"6":{"loc":{"start":{"line":25,"column":18},"end":{"line":25,"column":67}},"type":"cond-expr","locations":[{"start":{"line":25,"column":47},"end":{"line":25,"column":60}},{"start":{"line":25,"column":63},"end":{"line":25,"column":67}}],"line":25},"7":{"loc":{"start":{"line":26,"column":4},"end":{"line":26,"column":73}},"type":"if","locations":[{"start":{"line":26,"column":4},"end":{"line":26,"column":73}},{"start":{},"end":{}}],"line":26},"8":{"loc":{"start":{"line":29,"column":2},"end":{"line":29,"column":70}},"type":"if","locations":[{"start":{"line":29,"column":2},"end":{"line":29,"column":70}},{"start":{},"end":{}}],"line":29},"9":{"loc":{"start":{"line":30,"column":62},"end":{"line":30,"column":81}},"type":"binary-expr","locations":[{"start":{"line":30,"column":62},"end":{"line":30,"column":71}},{"start":{"line":30,"column":75},"end":{"line":30,"column":81}}],"line":30}},"s":{"0":1,"1":1,"2":0,"3":0,"4":0,"5":0,"6":0,"7":0,"8":0,"9":0,"10":0,"11":0,"12":0,"13":0,"14":0,"15":0,"16":0,"17":0,"18":0,"19":0,"20":0,"21":0,"22":0,"23":0,"24":1},"f":{"0":0,"1":0},"b":{"0":[0,0],"1":[0,0],"2":[0,0],"3":[0,0],"4":[0,0],"5":[0,0],"6":[0,0],"7":[0,0],"8":[0,0],"9":[0,0]},"_coverageSchema":"1a1c01bbd47fc00a2c39e90264f33305004495a9","hash":"3ad2e259ce121b3be631499b20c909621b684d18"}
,"/Applications/cykloservis_app/backend/middleware/errorHandler.js": {"path":"/Applications/cykloservis_app/backend/middleware/errorHandler.js","statementMap":{"0":{"start":{"line":1,"column":0},"end":{"line":19,"column":2}},"1":{"start":{"line":2,"column":2},"end":{"line":2,"column":40}},"2":{"start":{"line":2,"column":23},"end":{"line":2,"column":40}},"3":{"start":{"line":4,"column":2},"end":{"line":6,"column":3}},"4":{"start":{"line":5,"column":4},"end":{"line":5,"column":93}},"5":{"start":{"line":7,"column":17},"end":{"line":7,"column":34}},"6":{"start":{"line":8,"column":2},"end":{"line":10,"column":3}},"7":{"start":{"line":9,"column":4},"end":{"line":9,"column":73}},"8":{"start":{"line":11,"column":2},"end":{"line":14,"column":3}},"9":{"start":{"line":13,"column":4},"end":{"line":13,"column":61}},"10":{"start":{"line":15,"column":2},"end":{"line":18,"column":5}}},"fnMap":{"0":{"name":"errorHandler","decl":{"start":{"line":1,"column":26},"end":{"line":1,"column":38}},"loc":{"start":{"line":1,"column":60},"end":{"line":19,"column":1}},"line":1}},"branchMap":{"0":{"loc":{"start":{"line":2,"column":2},"end":{"line":2,"column":40}},"type":"if","locations":[{"start":{"line":2,"column":2},"end":{"line":2,"column":40}},{"start":{},"end":{}}],"line":2},"1":{"loc":{"start":{"line":4,"column":2},"end":{"line":6,"column":3}},"type":"if","locations":[{"start":{"line":4,"column":2},"end":{"line":6,"column":3}},{"start":{},"end":{}}],"line":4},"2":{"loc":{"start":{"line":4,"column":6},"end":{"line":4,"column":43}},"type":"binary-expr","locations":[{"start":{"line":4,"column":6},"end":{"line":4,"column":9}},{"start":{"line":4,"column":13},"end":{"line":4,"column":43}}],"line":4},"3":{"loc":{"start":{"line":7,"column":17},"end":{"line":7,"column":34}},"type":"binary-expr","locations":[{"start":{"line":7,"column":17},"end":{"line":7,"column":27}},{"start":{"line":7,"column":31},"end":{"line":7,"column":34}}],"line":7},"4":{"loc":{"start":{"line":8,"column":2},"end":{"line":10,"column":3}},"type":"if","locations":[{"start":{"line":8,"column":2},"end":{"line":10,"column":3}},{"start":{},"end":{}}],"line":8},"5":{"loc":{"start":{"line":8,"column":6},"end":{"line":8,"column":35}},"type":"binary-expr","locations":[{"start":{"line":8,"column":6},"end":{"line":8,"column":20}},{"start":{"line":8,"column":24},"end":{"line":8,"column":35}}],"line":8},"6":{"loc":{"start":{"line":9,"column":43},"end":{"line":9,"column":69}},"type":"binary-expr","locations":[{"start":{"line":9,"column":43},"end":{"line":9,"column":54}},{"start":{"line":9,"column":58},"end":{"line":9,"column":69}}],"line":9},"7":{"loc":{"start":{"line":11,"column":2},"end":{"line":14,"column":3}},"type":"if","locations":[{"start":{"line":11,"column":2},"end":{"line":14,"column":3}},{"start":{},"end":{}}],"line":11},"8":{"loc":{"start":{"line":11,"column":6},"end":{"line":11,"column":55}},"type":"binary-expr","locations":[{"start":{"line":11,"column":6},"end":{"line":11,"column":20}},{"start":{"line":11,"column":24},"end":{"line":11,"column":55}}],"line":11},"9":{"loc":{"start":{"line":13,"column":34},"end":{"line":13,"column":59}},"type":"binary-expr","locations":[{"start":{"line":13,"column":35},"end":{"line":13,"column":38}},{"start":{"line":13,"column":42},"end":{"line":13,"column":51}},{"start":{"line":13,"column":56},"end":{"line":13,"column":59}}],"line":13},"10":{"loc":{"start":{"line":16,"column":11},"end":{"line":16,"column":53}},"type":"binary-expr","locations":[{"start":{"line":16,"column":11},"end":{"line":16,"column":20}},{"start":{"line":16,"column":24},"end":{"line":16,"column":35}},{"start":{"line":16,"column":39},"end":{"line":16,"column":53}}],"line":16},"11":{"loc":{"start":{"line":17,"column":10},"end":{"line":17,"column":67}},"type":"binary-expr","locations":[{"start":{"line":17,"column":10},"end":{"line":17,"column":18}},{"start":{"line":17,"column":23},"end":{"line":17,"column":66}}],"line":17},"12":{"loc":{"start":{"line":17,"column":23},"end":{"line":17,"column":66}},"type":"cond-expr","locations":[{"start":{"line":17,"column":40},"end":{"line":17,"column":54}},{"start":{"line":17,"column":57},"end":{"line":17,"column":66}}],"line":17}},"s":{"0":1,"1":0,"2":0,"3":0,"4":0,"5":0,"6":0,"7":0,"8":0,"9":0,"10":0},"f":{"0":0},"b":{"0":[0,0],"1":[0,0],"2":[0,0],"3":[0,0],"4":[0,0],"5":[0,0],"6":[0,0],"7":[0,0],"8":[0,0],"9":[0,0,0],"10":[0,0,0],"11":[0,0],"12":[0,0]},"_coverageSchema":"1a1c01bbd47fc00a2c39e90264f33305004495a9","hash":"2e0f7caf552eaed1b51ba54e495899f22f9babd3"}
,"/Applications/cykloservis_app/backend/middleware/logger.js": {"path":"/Applications/cykloservis_app/backend/middleware/logger.js","statementMap":{"0":{"start":{"line":1,"column":23},"end":{"line":1,"column":40}},"1":{"start":{"line":2,"column":13},"end":{"line":2,"column":28}},"2":{"start":{"line":4,"column":15},"end":{"line":4,"column":76}},"3":{"start":{"line":5,"column":15},"end":{"line":14,"column":2}},"4":{"start":{"line":17,"column":16},"end":{"line":17,"column":39}},"5":{"start":{"line":18,"column":16},"end":{"line":18,"column":59}},"6":{"start":{"line":19,"column":2},"end":{"line":19,"column":17}},"7":{"start":{"line":20,"column":2},"end":{"line":20,"column":39}},"8":{"start":{"line":21,"column":16},"end":{"line":21,"column":39}},"9":{"start":{"line":22,"column":2},"end":{"line":22,"column":18}},"10":{"start":{"line":23,"column":2},"end":{"line":23,"column":76}},"11":{"start":{"line":24,"column":2},"end":{"line":28,"column":5}},"12":{"start":{"line":25,"column":18},"end":{"line":25,"column":63}},"13":{"start":{"line":26,"column":18},"end":{"line":26,"column":91}},"14":{"start":{"line":27,"column":4},"end":{"line":27,"column":89}},"15":{"start":{"line":29,"column":2},"end":{"line":29,"column":9}},"16":{"start":{"line":32,"column":0},"end":{"line":32,"column":43}}},"fnMap":{"0":{"name":"requestLogger","decl":{"start":{"line":16,"column":9},"end":{"line":16,"column":22}},"loc":{"start":{"line":16,"column":39},"end":{"line":30,"column":1}},"line":16},"1":{"name":"(anonymous_1)","decl":{"start":{"line":24,"column":19},"end":{"line":24,"column":20}},"loc":{"start":{"line":24,"column":25},"end":{"line":28,"column":3}},"line":24}},"branchMap":{"0":{"loc":{"start":{"line":4,"column":15},"end":{"line":4,"column":76}},"type":"binary-expr","locations":[{"start":{"line":4,"column":15},"end":{"line":4,"column":46}},{"start":{"line":4,"column":50},"end":{"line":4,"column":76}}],"line":4},"1":{"loc":{"start":{"line":6,"column":9},"end":{"line":6,"column":60}},"type":"cond-expr","locations":[{"start":{"line":6,"column":18},"end":{"line":6,"column":26}},{"start":{"line":6,"column":29},"end":{"line":6,"column":60}}],"line":6},"2":{"loc":{"start":{"line":6,"column":29},"end":{"line":6,"column":60}},"type":"binary-expr","locations":[{"start":{"line":6,"column":29},"end":{"line":6,"column":50}},{"start":{"line":6,"column":54},"end":{"line":6,"column":60}}],"line":6},"3":{"loc":{"start":{"line":8,"column":4},"end":{"line":13,"column":9}},"type":"cond-expr","locations":[{"start":{"line":9,"column":8},"end":{"line":9,"column":17}},{"start":{"line":10,"column":8},"end":{"line":13,"column":9}}],"line":8},"4":{"loc":{"start":{"line":8,"column":4},"end":{"line":8,"column":51}},"type":"binary-expr","locations":[{"start":{"line":8,"column":4},"end":{"line":8,"column":10}},{"start":{"line":8,"column":14},"end":{"line":8,"column":51}}],"line":8},"5":{"loc":{"start":{"line":18,"column":16},"end":{"line":18,"column":59}},"type":"binary-expr","locations":[{"start":{"line":18,"column":16},"end":{"line":18,"column":43}},{"start":{"line":18,"column":47},"end":{"line":18,"column":59}}],"line":18},"6":{"loc":{"start":{"line":26,"column":18},"end":{"line":26,"column":91}},"type":"cond-expr","locations":[{"start":{"line":26,"column":42},"end":{"line":26,"column":49}},{"start":{"line":26,"column":52},"end":{"line":26,"column":91}}],"line":26},"7":{"loc":{"start":{"line":26,"column":52},"end":{"line":26,"column":91}},"type":"cond-expr","locations":[{"start":{"line":26,"column":76},"end":{"line":26,"column":82}},{"start":{"line":26,"column":85},"end":{"line":26,"column":91}}],"line":26}},"s":{"0":1,"1":1,"2":1,"3":1,"4":0,"5":0,"6":0,"7":0,"8":0,"9":0,"10":0,"11":0,"12":0,"13":0,"14":0,"15":0,"16":1},"f":{"0":0,"1":0},"b":{"0":[1,0],"1":[1,0],"2":[0,0],"3":[1,0],"4":[1,0],"5":[0,0],"6":[0,0],"7":[0,0]},"_coverageSchema":"1a1c01bbd47fc00a2c39e90264f33305004495a9","hash":"a7a1f885909acaa6ef71c13ce3901b3df5bc8023"}
,"/Applications/cykloservis_app/backend/models/Bike.js": {"path":"/Applications/cykloservis_app/backend/models/Bike.js","statementMap":{"0":{"start":{"line":1,"column":17},"end":{"line":1,"column":36}},"1":{"start":{"line":3,"column":19},"end":{"line":26,"column":6}},"2":{"start":{"line":21,"column":2},"end":{"line":23,"column":3}},"3":{"start":{"line":22,"column":4},"end":{"line":22,"column":29}},"4":{"start":{"line":24,"column":2},"end":{"line":24,"column":17}},"5":{"start":{"line":25,"column":2},"end":{"line":25,"column":13}},"6":{"start":{"line":29,"column":0},"end":{"line":29,"column":51}},"7":{"start":{"line":31,"column":0},"end":{"line":31,"column":50}},"8":{"start":{"line":33,"column":0},"end":{"line":33,"column":52}}},"fnMap":{"0":{"name":"(anonymous_0)","decl":{"start":{"line":20,"column":79},"end":{"line":20,"column":80}},"loc":{"start":{"line":20,"column":94},"end":{"line":26,"column":1}},"line":20}},"branchMap":{"0":{"loc":{"start":{"line":21,"column":2},"end":{"line":23,"column":3}},"type":"if","locations":[{"start":{"line":21,"column":2},"end":{"line":23,"column":3}},{"start":{},"end":{}}],"line":21}},"s":{"0":1,"1":1,"2":0,"3":0,"4":0,"5":0,"6":1,"7":1,"8":1},"f":{"0":0},"b":{"0":[0,0]},"_coverageSchema":"1a1c01bbd47fc00a2c39e90264f33305004495a9","hash":"6959e63f0c6c47d1a906b33fbb71d0ee4cfa01f2"}
,"/Applications/cykloservis_app/backend/models/ServiceRequest.js": {"path":"/Applications/cykloservis_app/backend/models/ServiceRequest.js","statementMap":{"0":{"start":{"line":1,"column":17},"end":{"line":1,"column":36}},"1":{"start":{"line":3,"column":29},"end":{"line":15,"column":6}},"2":{"start":{"line":12,"column":2},"end":{"line":12,"column":40}},"3":{"start":{"line":12,"column":15},"end":{"line":12,"column":40}},"4":{"start":{"line":13,"column":2},"end":{"line":13,"column":17}},"5":{"start":{"line":14,"column":2},"end":{"line":14,"column":13}},"6":{"start":{"line":17,"column":0},"end":{"line":17,"column":72}}},"fnMap":{"0":{"name":"(anonymous_0)","decl":{"start":{"line":11,"column":79},"end":{"line":11,"column":80}},"loc":{"start":{"line":11,"column":94},"end":{"line":15,"column":1}},"line":11}},"branchMap":{"0":{"loc":{"start":{"line":12,"column":2},"end":{"line":12,"column":40}},"type":"if","locations":[{"start":{"line":12,"column":2},"end":{"line":12,"column":40}},{"start":{},"end":{}}],"line":12}},"s":{"0":1,"1":1,"2":0,"3":0,"4":0,"5":0,"6":1},"f":{"0":0},"b":{"0":[0,0]},"_coverageSchema":"1a1c01bbd47fc00a2c39e90264f33305004495a9","hash":"0d314e19233d93077349837961bf5259c33aac62"}
,"/Applications/cykloservis_app/backend/models/User.js": {"path":"/Applications/cykloservis_app/backend/models/User.js","statementMap":{"0":{"start":{"line":1,"column":17},"end":{"line":1,"column":36}},"1":{"start":{"line":3,"column":19},"end":{"line":16,"column":2}},"2":{"start":{"line":18,"column":0},"end":{"line":18,"column":52}}},"fnMap":{},"branchMap":{},"s":{"0":1,"1":1,"2":1},"f":{},"b":{},"_coverageSchema":"1a1c01bbd47fc00a2c39e90264f33305004495a9","hash":"a29ddddf081b1d6aa7e1d7b0fd1447744b11b047"}
,"/Applications/cykloservis_app/backend/routes/admin.js": {"path":"/Applications/cykloservis_app/backend/routes/admin.js","statementMap":{"0":{"start":{"line":1,"column":16},"end":{"line":1,"column":34}},"1":{"start":{"line":2,"column":15},"end":{"line":2,"column":31}},"2":{"start":{"line":3,"column":13},"end":{"line":3,"column":38}},"3":{"start":{"line":4,"column":24},"end":{"line":4,"column":53}},"4":{"start":{"line":5,"column":42},"end":{"line":5,"column":70}},"5":{"start":{"line":6,"column":17},"end":{"line":6,"column":45}},"6":{"start":{"line":7,"column":14},"end":{"line":7,"column":44}},"7":{"start":{"line":10,"column":2},"end":{"line":12,"column":3}},"8":{"start":{"line":11,"column":4},"end":{"line":11,"column":56}},"9":{"start":{"line":13,"column":2},"end":{"line":13,"column":9}},"10":{"start":{"line":17,"column":17},"end":{"line":17,"column":38}},"11":{"start":{"line":18,"column":2},"end":{"line":21,"column":3}},"12":{"start":{"line":19,"column":4},"end":{"line":19,"column":53}},"13":{"start":{"line":20,"column":4},"end":{"line":20,"column":17}},"14":{"start":{"line":22,"column":2},"end":{"line":22,"column":14}},"15":{"start":{"line":26,"column":0},"end":{"line":37,"column":3}},"16":{"start":{"line":27,"column":2},"end":{"line":36,"column":3}},"17":{"start":{"line":28,"column":18},"end":{"line":30,"column":13}},"18":{"start":{"line":31,"column":4},"end":{"line":31,"column":74}},"19":{"start":{"line":32,"column":4},"end":{"line":32,"column":20}},"20":{"start":{"line":35,"column":4},"end":{"line":35,"column":79}},"21":{"start":{"line":40,"column":0},"end":{"line":63,"column":2}},"22":{"start":{"line":46,"column":4},"end":{"line":46,"column":44}},"23":{"start":{"line":46,"column":37},"end":{"line":46,"column":44}},"24":{"start":{"line":47,"column":4},"end":{"line":61,"column":5}},"25":{"start":{"line":48,"column":6},"end":{"line":50,"column":7}},"26":{"start":{"line":49,"column":8},"end":{"line":49,"column":77}},"27":{"start":{"line":51,"column":19},"end":{"line":55,"column":7}},"28":{"start":{"line":56,"column":6},"end":{"line":56,"column":78}},"29":{"start":{"line":56,"column":17},"end":{"line":56,"column":78}},"30":{"start":{"line":57,"column":6},"end":{"line":57,"column":93}},"31":{"start":{"line":58,"column":6},"end":{"line":58,"column":55}},"32":{"start":{"line":60,"column":6},"end":{"line":60,"column":81}},"33":{"start":{"line":66,"column":0},"end":{"line":74,"column":3}},"34":{"start":{"line":67,"column":2},"end":{"line":73,"column":3}},"35":{"start":{"line":68,"column":19},"end":{"line":68,"column":44}},"36":{"start":{"line":69,"column":4},"end":{"line":69,"column":89}},"37":{"start":{"line":70,"column":4},"end":{"line":70,"column":64}},"38":{"start":{"line":72,"column":4},"end":{"line":72,"column":79}},"39":{"start":{"line":76,"column":0},"end":{"line":76,"column":24}}},"fnMap":{"0":{"name":"requireAdmin","decl":{"start":{"line":9,"column":9},"end":{"line":9,"column":21}},"loc":{"start":{"line":9,"column":38},"end":{"line":14,"column":1}},"line":9},"1":{"name":"handleValidation","decl":{"start":{"line":16,"column":9},"end":{"line":16,"column":25}},"loc":{"start":{"line":16,"column":36},"end":{"line":23,"column":1}},"line":16},"2":{"name":"(anonymous_2)","decl":{"start":{"line":26,"column":48},"end":{"line":26,"column":49}},"loc":{"start":{"line":26,"column":68},"end":{"line":37,"column":1}},"line":26},"3":{"name":"(anonymous_3)","decl":{"start":{"line":45,"column":2},"end":{"line":45,"column":3}},"loc":{"start":{"line":45,"column":22},"end":{"line":62,"column":3}},"line":45},"4":{"name":"(anonymous_4)","decl":{"start":{"line":66,"column":51},"end":{"line":66,"column":52}},"loc":{"start":{"line":66,"column":71},"end":{"line":74,"column":1}},"line":66}},"branchMap":{"0":{"loc":{"start":{"line":10,"column":2},"end":{"line":12,"column":3}},"type":"if","locations":[{"start":{"line":10,"column":2},"end":{"line":12,"column":3}},{"start":{},"end":{}}],"line":10},"1":{"loc":{"start":{"line":10,"column":6},"end":{"line":10,"column":44}},"type":"binary-expr","locations":[{"start":{"line":10,"column":6},"end":{"line":10,"column":15}},{"start":{"line":10,"column":19},"end":{"line":10,"column":44}}],"line":10},"2":{"loc":{"start":{"line":18,"column":2},"end":{"line":21,"column":3}},"type":"if","locations":[{"start":{"line":18,"column":2},"end":{"line":21,"column":3}},{"start":{},"end":{}}],"line":18},"3":{"loc":{"start":{"line":46,"column":4},"end":{"line":46,"column":44}},"type":"if","locations":[{"start":{"line":46,"column":4},"end":{"line":46,"column":44}},{"start":{},"end":{}}],"line":46},"4":{"loc":{"start":{"line":48,"column":6},"end":{"line":50,"column":7}},"type":"if","locations":[{"start":{"line":48,"column":6},"end":{"line":50,"column":7}},{"start":{},"end":{}}],"line":48},"5":{"loc":{"start":{"line":48,"column":10},"end":{"line":48,"column":76}},"type":"binary-expr","locations":[{"start":{"line":48,"column":10},"end":{"line":48,"column":47}},{"start":{"line":48,"column":51},"end":{"line":48,"column":76}}],"line":48},"6":{"loc":{"start":{"line":56,"column":6},"end":{"line":56,"column":78}},"type":"if","locations":[{"start":{"line":56,"column":6},"end":{"line":56,"column":78}},{"start":{},"end":{}}],"line":56}},"s":{"0":1,"1":1,"2":1,"3":1,"4":1,"5":1,"6":1,"7":0,"8":0,"9":0,"10":0,"11":0,"12":0,"13":0,"14":0,"15":1,"16":0,"17":0,"18":0,"19":0,"20":0,"21":1,"22":0,"23":0,"24":0,"25":0,"26":0,"27":0,"28":0,"29":0,"30":0,"31":0,"32":0,"33":1,"34":0,"35":0,"36":0,"37":0,"38":0,"39":1},"f":{"0":0,"1":0,"2":0,"3":0,"4":0},"b":{"0":[0,0],"1":[0,0],"2":[0,0],"3":[0,0],"4":[0,0],"5":[0,0],"6":[0,0]},"_coverageSchema":"1a1c01bbd47fc00a2c39e90264f33305004495a9","hash":"0045c8244e6704e884e13f87209117ca9e514fe0"}
,"/Applications/cykloservis_app/backend/routes/auth.js": {"path":"/Applications/cykloservis_app/backend/routes/auth.js","statementMap":{"0":{"start":{"line":1,"column":17},"end":{"line":1,"column":45}},"1":{"start":{"line":2,"column":16},"end":{"line":2,"column":34}},"2":{"start":{"line":3,"column":15},"end":{"line":3,"column":31}},"3":{"start":{"line":4,"column":42},"end":{"line":4,"column":70}},"4":{"start":{"line":5,"column":15},"end":{"line":5,"column":34}},"5":{"start":{"line":6,"column":14},"end":{"line":6,"column":44}},"6":{"start":{"line":7,"column":12},"end":{"line":7,"column":35}},"7":{"start":{"line":8,"column":13},"end":{"line":8,"column":38}},"8":{"start":{"line":12,"column":2},"end":{"line":12,"column":64}},"9":{"start":{"line":17,"column":2},"end":{"line":19,"column":4}},"10":{"start":{"line":18,"column":4},"end":{"line":18,"column":52}},"11":{"start":{"line":24,"column":17},"end":{"line":24,"column":67}},"12":{"start":{"line":25,"column":2},"end":{"line":28,"column":3}},"13":{"start":{"line":26,"column":4},"end":{"line":26,"column":108}},"14":{"start":{"line":27,"column":4},"end":{"line":27,"column":17}},"15":{"start":{"line":29,"column":2},"end":{"line":29,"column":14}},"16":{"start":{"line":33,"column":23},"end":{"line":33,"column":62}},"17":{"start":{"line":35,"column":0},"end":{"line":60,"column":2}},"18":{"start":{"line":46,"column":4},"end":{"line":46,"column":44}},"19":{"start":{"line":46,"column":37},"end":{"line":46,"column":44}},"20":{"start":{"line":47,"column":32},"end":{"line":47,"column":40}},"21":{"start":{"line":48,"column":15},"end":{"line":48,"column":44}},"22":{"start":{"line":49,"column":4},"end":{"line":57,"column":5}},"23":{"start":{"line":50,"column":6},"end":{"line":50,"column":76}},"24":{"start":{"line":51,"column":6},"end":{"line":51,"column":24}},"25":{"start":{"line":52,"column":6},"end":{"line":52,"column":66}},"26":{"start":{"line":54,"column":6},"end":{"line":54,"column":54}},"27":{"start":{"line":55,"column":6},"end":{"line":55,"column":24}},"28":{"start":{"line":56,"column":6},"end":{"line":56,"column":70}},"29":{"start":{"line":58,"column":4},"end":{"line":58,"column":49}},"30":{"start":{"line":62,"column":21},"end":{"line":62,"column":47}},"31":{"start":{"line":65,"column":0},"end":{"line":83,"column":2}},"32":{"start":{"line":69,"column":4},"end":{"line":69,"column":44}},"33":{"start":{"line":69,"column":37},"end":{"line":69,"column":44}},"34":{"start":{"line":70,"column":22},"end":{"line":70,"column":30}},"35":{"start":{"line":71,"column":17},"end":{"line":71,"column":46}},"36":{"start":{"line":72,"column":2},"end":{"line":72,"column":94}},"37":{"start":{"line":72,"column":13},"end":{"line":72,"column":94}},"38":{"start":{"line":73,"column":17},"end":{"line":73,"column":31}},"39":{"start":{"line":74,"column":4},"end":{"line":74,"column":34}},"40":{"start":{"line":75,"column":4},"end":{"line":75,"column":22}},"41":{"start":{"line":76,"column":4},"end":{"line":80,"column":7}},"42":{"start":{"line":81,"column":4},"end":{"line":81,"column":55}},"43":{"start":{"line":86,"column":0},"end":{"line":101,"column":2}},"44":{"start":{"line":93,"column":4},"end":{"line":93,"column":44}},"45":{"start":{"line":93,"column":37},"end":{"line":93,"column":44}},"46":{"start":{"line":94,"column":28},"end":{"line":94,"column":36}},"47":{"start":{"line":95,"column":17},"end":{"line":95,"column":46}},"48":{"start":{"line":96,"column":4},"end":{"line":97,"column":89}},"49":{"start":{"line":97,"column":6},"end":{"line":97,"column":89}},"50":{"start":{"line":98,"column":4},"end":{"line":98,"column":118}},"51":{"start":{"line":98,"column":41},"end":{"line":98,"column":118}},"52":{"start":{"line":99,"column":4},"end":{"line":99,"column":41}},"53":{"start":{"line":104,"column":0},"end":{"line":127,"column":2}},"54":{"start":{"line":116,"column":4},"end":{"line":116,"column":44}},"55":{"start":{"line":116,"column":37},"end":{"line":116,"column":44}},"56":{"start":{"line":117,"column":41},"end":{"line":117,"column":49}},"57":{"start":{"line":118,"column":17},"end":{"line":118,"column":46}},"58":{"start":{"line":119,"column":4},"end":{"line":120,"column":89}},"59":{"start":{"line":120,"column":6},"end":{"line":120,"column":89}},"60":{"start":{"line":121,"column":4},"end":{"line":121,"column":118}},"61":{"start":{"line":121,"column":41},"end":{"line":121,"column":118}},"62":{"start":{"line":122,"column":4},"end":{"line":122,"column":55}},"63":{"start":{"line":123,"column":4},"end":{"line":123,"column":39}},"64":{"start":{"line":124,"column":4},"end":{"line":124,"column":22}},"65":{"start":{"line":125,"column":4},"end":{"line":125,"column":57}},"66":{"start":{"line":132,"column":0},"end":{"line":162,"column":2}},"67":{"start":{"line":136,"column":4},"end":{"line":136,"column":44}},"68":{"start":{"line":136,"column":37},"end":{"line":136,"column":44}},"69":{"start":{"line":137,"column":22},"end":{"line":137,"column":30}},"70":{"start":{"line":138,"column":15},"end":{"line":138,"column":44}},"71":{"start":{"line":139,"column":4},"end":{"line":140,"column":95}},"72":{"start":{"line":140,"column":6},"end":{"line":140,"column":95}},"73":{"start":{"line":141,"column":17},"end":{"line":141,"column":31}},"74":{"start":{"line":142,"column":4},"end":{"line":152,"column":5}},"75":{"start":{"line":143,"column":6},"end":{"line":148,"column":9}},"76":{"start":{"line":150,"column":6},"end":{"line":150,"column":35}},"77":{"start":{"line":151,"column":6},"end":{"line":151,"column":30}},"78":{"start":{"line":153,"column":4},"end":{"line":153,"column":22}},"79":{"start":{"line":154,"column":4},"end":{"line":154,"column":56}},"80":{"start":{"line":155,"column":4},"end":{"line":159,"column":7}},"81":{"start":{"line":160,"column":4},"end":{"line":160,"column":67}},"82":{"start":{"line":165,"column":0},"end":{"line":199,"column":2}},"83":{"start":{"line":176,"column":4},"end":{"line":176,"column":44}},"84":{"start":{"line":176,"column":37},"end":{"line":176,"column":44}},"85":{"start":{"line":177,"column":72},"end":{"line":177,"column":80}},"86":{"start":{"line":178,"column":17},"end":{"line":178,"column":46}},"87":{"start":{"line":179,"column":2},"end":{"line":179,"column":94}},"88":{"start":{"line":179,"column":13},"end":{"line":179,"column":94}},"89":{"start":{"line":180,"column":2},"end":{"line":180,"column":113}},"90":{"start":{"line":180,"column":24},"end":{"line":180,"column":113}},"91":{"start":{"line":181,"column":4},"end":{"line":181,"column":31}},"92":{"start":{"line":182,"column":4},"end":{"line":182,"column":29}},"93":{"start":{"line":183,"column":4},"end":{"line":183,"column":31}},"94":{"start":{"line":184,"column":4},"end":{"line":184,"column":25}},"95":{"start":{"line":185,"column":4},"end":{"line":185,"column":29}},"96":{"start":{"line":186,"column":4},"end":{"line":186,"column":34}},"97":{"start":{"line":187,"column":4},"end":{"line":187,"column":22}},"98":{"start":{"line":188,"column":4},"end":{"line":196,"column":5}},"99":{"start":{"line":189,"column":6},"end":{"line":193,"column":9}},"100":{"start":{"line":195,"column":6},"end":{"line":195,"column":53}},"101":{"start":{"line":197,"column":4},"end":{"line":197,"column":56}},"102":{"start":{"line":204,"column":0},"end":{"line":228,"column":2}},"103":{"start":{"line":211,"column":4},"end":{"line":211,"column":44}},"104":{"start":{"line":211,"column":37},"end":{"line":211,"column":44}},"105":{"start":{"line":212,"column":32},"end":{"line":212,"column":40}},"106":{"start":{"line":213,"column":17},"end":{"line":213,"column":46}},"107":{"start":{"line":214,"column":4},"end":{"line":214,"column":96}},"108":{"start":{"line":214,"column":15},"end":{"line":214,"column":96}},"109":{"start":{"line":215,"column":4},"end":{"line":215,"column":115}},"110":{"start":{"line":215,"column":26},"end":{"line":215,"column":115}},"111":{"start":{"line":216,"column":4},"end":{"line":219,"column":95}},"112":{"start":{"line":217,"column":6},"end":{"line":219,"column":95}},"113":{"start":{"line":220,"column":20},"end":{"line":220,"column":65}},"114":{"start":{"line":221,"column":2},"end":{"line":221,"column":107}},"115":{"start":{"line":221,"column":16},"end":{"line":221,"column":107}},"116":{"start":{"line":222,"column":18},"end":{"line":224,"column":6}},"117":{"start":{"line":225,"column":4},"end":{"line":225,"column":50}},"118":{"start":{"line":226,"column":4},"end":{"line":226,"column":69}},"119":{"start":{"line":231,"column":0},"end":{"line":251,"column":2}},"120":{"start":{"line":238,"column":4},"end":{"line":238,"column":44}},"121":{"start":{"line":238,"column":37},"end":{"line":238,"column":44}},"122":{"start":{"line":239,"column":28},"end":{"line":239,"column":36}},"123":{"start":{"line":240,"column":17},"end":{"line":240,"column":46}},"124":{"start":{"line":241,"column":2},"end":{"line":241,"column":94}},"125":{"start":{"line":241,"column":13},"end":{"line":241,"column":94}},"126":{"start":{"line":242,"column":2},"end":{"line":242,"column":114}},"127":{"start":{"line":242,"column":23},"end":{"line":242,"column":114}},"128":{"start":{"line":243,"column":4},"end":{"line":245,"column":5}},"129":{"start":{"line":244,"column":2},"end":{"line":244,"column":79}},"130":{"start":{"line":246,"column":4},"end":{"line":246,"column":27}},"131":{"start":{"line":247,"column":4},"end":{"line":247,"column":38}},"132":{"start":{"line":248,"column":4},"end":{"line":248,"column":22}},"133":{"start":{"line":249,"column":4},"end":{"line":249,"column":55}},"134":{"start":{"line":252,"column":0},"end":{"line":252,"column":24}}},"fnMap":{"0":{"name":"generateCode","decl":{"start":{"line":11,"column":9},"end":{"line":11,"column":21}},"loc":{"start":{"line":11,"column":24},"end":{"line":13,"column":1}},"line":11},"1":{"name":"asyncHandler","decl":{"start":{"line":16,"column":9},"end":{"line":16,"column":21}},"loc":{"start":{"line":16,"column":26},"end":{"line":20,"column":1}},"line":16},"2":{"name":"(anonymous_2)","decl":{"start":{"line":17,"column":9},"end":{"line":17,"column":10}},"loc":{"start":{"line":17,"column":35},"end":{"line":19,"column":3}},"line":17},"3":{"name":"handleValidation","decl":{"start":{"line":23,"column":9},"end":{"line":23,"column":25}},"loc":{"start":{"line":23,"column":36},"end":{"line":30,"column":1}},"line":23},"4":{"name":"(anonymous_4)","decl":{"start":{"line":45,"column":15},"end":{"line":45,"column":16}},"loc":{"start":{"line":45,"column":35},"end":{"line":59,"column":3}},"line":45},"5":{"name":"(anonymous_5)","decl":{"start":{"line":68,"column":15},"end":{"line":68,"column":16}},"loc":{"start":{"line":68,"column":35},"end":{"line":82,"column":3}},"line":68},"6":{"name":"(anonymous_6)","decl":{"start":{"line":92,"column":15},"end":{"line":92,"column":16}},"loc":{"start":{"line":92,"column":35},"end":{"line":100,"column":3}},"line":92},"7":{"name":"(anonymous_7)","decl":{"start":{"line":115,"column":15},"end":{"line":115,"column":16}},"loc":{"start":{"line":115,"column":35},"end":{"line":126,"column":3}},"line":115},"8":{"name":"(anonymous_8)","decl":{"start":{"line":135,"column":15},"end":{"line":135,"column":16}},"loc":{"start":{"line":135,"column":35},"end":{"line":161,"column":3}},"line":135},"9":{"name":"(anonymous_9)","decl":{"start":{"line":175,"column":15},"end":{"line":175,"column":16}},"loc":{"start":{"line":175,"column":35},"end":{"line":198,"column":3}},"line":175},"10":{"name":"(anonymous_10)","decl":{"start":{"line":210,"column":15},"end":{"line":210,"column":16}},"loc":{"start":{"line":210,"column":35},"end":{"line":227,"column":3}},"line":210},"11":{"name":"(anonymous_11)","decl":{"start":{"line":237,"column":15},"end":{"line":237,"column":16}},"loc":{"start":{"line":237,"column":35},"end":{"line":250,"column":3}},"line":237}},"branchMap":{"0":{"loc":{"start":{"line":25,"column":2},"end":{"line":28,"column":3}},"type":"if","locations":[{"start":{"line":25,"column":2},"end":{"line":28,"column":3}},{"start":{},"end":{}}],"line":25},"1":{"loc":{"start":{"line":46,"column":4},"end":{"line":46,"column":44}},"type":"if","locations":[{"start":{"line":46,"column":4},"end":{"line":46,"column":44}},{"start":{},"end":{}}],"line":46},"2":{"loc":{"start":{"line":49,"column":4},"end":{"line":57,"column":5}},"type":"if","locations":[{"start":{"line":49,"column":4},"end":{"line":57,"column":5}},{"start":{"line":53,"column":11},"end":{"line":57,"column":5}}],"line":49},"3":{"loc":{"start":{"line":69,"column":4},"end":{"line":69,"column":44}},"type":"if","locations":[{"start":{"line":69,"column":4},"end":{"line":69,"column":44}},{"start":{},"end":{}}],"line":69},"4":{"loc":{"start":{"line":72,"column":2},"end":{"line":72,"column":94}},"type":"if","locations":[{"start":{"line":72,"column":2},"end":{"line":72,"column":94}},{"start":{},"end":{}}],"line":72},"5":{"loc":{"start":{"line":93,"column":4},"end":{"line":93,"column":44}},"type":"if","locations":[{"start":{"line":93,"column":4},"end":{"line":93,"column":44}},{"start":{},"end":{}}],"line":93},"6":{"loc":{"start":{"line":96,"column":4},"end":{"line":97,"column":89}},"type":"if","locations":[{"start":{"line":96,"column":4},"end":{"line":97,"column":89}},{"start":{},"end":{}}],"line":96},"7":{"loc":{"start":{"line":96,"column":8},"end":{"line":96,"column":40}},"type":"binary-expr","locations":[{"start":{"line":96,"column":8},"end":{"line":96,"column":13}},{"start":{"line":96,"column":17},"end":{"line":96,"column":40}}],"line":96},"8":{"loc":{"start":{"line":98,"column":4},"end":{"line":98,"column":118}},"type":"if","locations":[{"start":{"line":98,"column":4},"end":{"line":98,"column":118}},{"start":{},"end":{}}],"line":98},"9":{"loc":{"start":{"line":116,"column":4},"end":{"line":116,"column":44}},"type":"if","locations":[{"start":{"line":116,"column":4},"end":{"line":116,"column":44}},{"start":{},"end":{}}],"line":116},"10":{"loc":{"start":{"line":119,"column":4},"end":{"line":120,"column":89}},"type":"if","locations":[{"start":{"line":119,"column":4},"end":{"line":120,"column":89}},{"start":{},"end":{}}],"line":119},"11":{"loc":{"start":{"line":119,"column":8},"end":{"line":119,"column":40}},"type":"binary-expr","locations":[{"start":{"line":119,"column":8},"end":{"line":119,"column":13}},{"start":{"line":119,"column":17},"end":{"line":119,"column":40}}],"line":119},"12":{"loc":{"start":{"line":121,"column":4},"end":{"line":121,"column":118}},"type":"if","locations":[{"start":{"line":121,"column":4},"end":{"line":121,"column":118}},{"start":{},"end":{}}],"line":121},"13":{"loc":{"start":{"line":136,"column":4},"end":{"line":136,"column":44}},"type":"if","locations":[{"start":{"line":136,"column":4},"end":{"line":136,"column":44}},{"start":{},"end":{}}],"line":136},"14":{"loc":{"start":{"line":139,"column":4},"end":{"line":140,"column":95}},"type":"if","locations":[{"start":{"line":139,"column":4},"end":{"line":140,"column":95}},{"start":{},"end":{}}],"line":139},"15":{"loc":{"start":{"line":139,"column":8},"end":{"line":139,"column":31}},"type":"binary-expr","locations":[{"start":{"line":139,"column":8},"end":{"line":139,"column":12}},{"start":{"line":139,"column":16},"end":{"line":139,"column":31}}],"line":139},"16":{"loc":{"start":{"line":142,"column":4},"end":{"line":152,"column":5}},"type":"if","locations":[{"start":{"line":142,"column":4},"end":{"line":152,"column":5}},{"start":{"line":149,"column":11},"end":{"line":152,"column":5}}],"line":142},"17":{"loc":{"start":{"line":176,"column":4},"end":{"line":176,"column":44}},"type":"if","locations":[{"start":{"line":176,"column":4},"end":{"line":176,"column":44}},{"start":{},"end":{}}],"line":176},"18":{"loc":{"start":{"line":179,"column":2},"end":{"line":179,"column":94}},"type":"if","locations":[{"start":{"line":179,"column":2},"end":{"line":179,"column":94}},{"start":{},"end":{}}],"line":179},"19":{"loc":{"start":{"line":180,"column":2},"end":{"line":180,"column":113}},"type":"if","locations":[{"start":{"line":180,"column":2},"end":{"line":180,"column":113}},{"start":{},"end":{}}],"line":180},"20":{"loc":{"start":{"line":192,"column":30},"end":{"line":192,"column":45}},"type":"binary-expr","locations":[{"start":{"line":192,"column":30},"end":{"line":192,"column":39}},{"start":{"line":192,"column":43},"end":{"line":192,"column":45}}],"line":192},"21":{"loc":{"start":{"line":211,"column":4},"end":{"line":211,"column":44}},"type":"if","locations":[{"start":{"line":211,"column":4},"end":{"line":211,"column":44}},{"start":{},"end":{}}],"line":211},"22":{"loc":{"start":{"line":214,"column":4},"end":{"line":214,"column":96}},"type":"if","locations":[{"start":{"line":214,"column":4},"end":{"line":214,"column":96}},{"start":{},"end":{}}],"line":214},"23":{"loc":{"start":{"line":215,"column":4},"end":{"line":215,"column":115}},"type":"if","locations":[{"start":{"line":215,"column":4},"end":{"line":215,"column":115}},{"start":{},"end":{}}],"line":215},"24":{"loc":{"start":{"line":216,"column":4},"end":{"line":219,"column":95}},"type":"if","locations":[{"start":{"line":216,"column":4},"end":{"line":219,"column":95}},{"start":{},"end":{}}],"line":216},"25":{"loc":{"start":{"line":221,"column":2},"end":{"line":221,"column":107}},"type":"if","locations":[{"start":{"line":221,"column":2},"end":{"line":221,"column":107}},{"start":{},"end":{}}],"line":221},"26":{"loc":{"start":{"line":222,"column":49},"end":{"line":222,"column":68}},"type":"binary-expr","locations":[{"start":{"line":222,"column":49},"end":{"line":222,"column":58}},{"start":{"line":222,"column":62},"end":{"line":222,"column":68}}],"line":222},"27":{"loc":{"start":{"line":238,"column":4},"end":{"line":238,"column":44}},"type":"if","locations":[{"start":{"line":238,"column":4},"end":{"line":238,"column":44}},{"start":{},"end":{}}],"line":238},"28":{"loc":{"start":{"line":241,"column":2},"end":{"line":241,"column":94}},"type":"if","locations":[{"start":{"line":241,"column":2},"end":{"line":241,"column":94}},{"start":{},"end":{}}],"line":241},"29":{"loc":{"start":{"line":242,"column":2},"end":{"line":242,"column":114}},"type":"if","locations":[{"start":{"line":242,"column":2},"end":{"line":242,"column":114}},{"start":{},"end":{}}],"line":242},"30":{"loc":{"start":{"line":243,"column":4},"end":{"line":245,"column":5}},"type":"if","locations":[{"start":{"line":243,"column":4},"end":{"line":245,"column":5}},{"start":{},"end":{}}],"line":243},"31":{"loc":{"start":{"line":243,"column":8},"end":{"line":243,"column":86}},"type":"binary-expr","locations":[{"start":{"line":243,"column":8},"end":{"line":243,"column":30}},{"start":{"line":243,"column":34},"end":{"line":243,"column":86}}],"line":243}},"s":{"0":1,"1":1,"2":1,"3":1,"4":1,"5":1,"6":1,"7":1,"8":0,"9":8,"10":0,"11":0,"12":0,"13":0,"14":0,"15":0,"16":1,"17":1,"18":0,"19":0,"20":0,"21":0,"22":0,"23":0,"24":0,"25":0,"26":0,"27":0,"28":0,"29":0,"30":1,"31":1,"32":0,"33":0,"34":0,"35":0,"36":0,"37":0,"38":0,"39":0,"40":0,"41":0,"42":0,"43":1,"44":0,"45":0,"46":0,"47":0,"48":0,"49":0,"50":0,"51":0,"52":0,"53":1,"54":0,"55":0,"56":0,"57":0,"58":0,"59":0,"60":0,"61":0,"62":0,"63":0,"64":0,"65":0,"66":1,"67":0,"68":0,"69":0,"70":0,"71":0,"72":0,"73":0,"74":0,"75":0,"76":0,"77":0,"78":0,"79":0,"80":0,"81":0,"82":1,"83":0,"84":0,"85":0,"86":0,"87":0,"88":0,"89":0,"90":0,"91":0,"92":0,"93":0,"94":0,"95":0,"96":0,"97":0,"98":0,"99":0,"100":0,"101":0,"102":1,"103":0,"104":0,"105":0,"106":0,"107":0,"108":0,"109":0,"110":0,"111":0,"112":0,"113":0,"114":0,"115":0,"116":0,"117":0,"118":0,"119":1,"120":0,"121":0,"122":0,"123":0,"124":0,"125":0,"126":0,"127":0,"128":0,"129":0,"130":0,"131":0,"132":0,"133":0,"134":1},"f":{"0":0,"1":8,"2":0,"3":0,"4":0,"5":0,"6":0,"7":0,"8":0,"9":0,"10":0,"11":0},"b":{"0":[0,0],"1":[0,0],"2":[0,0],"3":[0,0],"4":[0,0],"5":[0,0],"6":[0,0],"7":[0,0],"8":[0,0],"9":[0,0],"10":[0,0],"11":[0,0],"12":[0,0],"13":[0,0],"14":[0,0],"15":[0,0],"16":[0,0],"17":[0,0],"18":[0,0],"19":[0,0],"20":[0,0],"21":[0,0],"22":[0,0],"23":[0,0],"24":[0,0],"25":[0,0],"26":[0,0],"27":[0,0],"28":[0,0],"29":[0,0],"30":[0,0],"31":[0,0]},"_coverageSchema":"1a1c01bbd47fc00a2c39e90264f33305004495a9","hash":"cfdcc115f465c1a9a00a3e8f9874a267611c7ed2"}
,"/Applications/cykloservis_app/backend/routes/bikes.js": {"path":"/Applications/cykloservis_app/backend/routes/bikes.js","statementMap":{"0":{"start":{"line":1,"column":16},"end":{"line":1,"column":34}},"1":{"start":{"line":2,"column":15},"end":{"line":2,"column":31}},"2":{"start":{"line":3,"column":42},"end":{"line":3,"column":70}},"3":{"start":{"line":4,"column":13},"end":{"line":4,"column":38}},"4":{"start":{"line":5,"column":14},"end":{"line":5,"column":44}},"5":{"start":{"line":6,"column":17},"end":{"line":6,"column":45}},"6":{"start":{"line":7,"column":24},"end":{"line":7,"column":53}},"7":{"start":{"line":8,"column":18},"end":{"line":8,"column":47}},"8":{"start":{"line":9,"column":15},"end":{"line":9,"column":32}},"9":{"start":{"line":10,"column":11},"end":{"line":10,"column":24}},"10":{"start":{"line":11,"column":13},"end":{"line":11,"column":28}},"11":{"start":{"line":14,"column":17},"end":{"line":14,"column":38}},"12":{"start":{"line":15,"column":2},"end":{"line":22,"column":3}},"13":{"start":{"line":16,"column":4},"end":{"line":20,"column":7}},"14":{"start":{"line":21,"column":4},"end":{"line":21,"column":17}},"15":{"start":{"line":23,"column":2},"end":{"line":23,"column":14}},"16":{"start":{"line":27,"column":32},"end":{"line":27,"column":41}},"17":{"start":{"line":28,"column":32},"end":{"line":28,"column":39}},"18":{"start":{"line":30,"column":2},"end":{"line":30,"column":63}},"19":{"start":{"line":32,"column":22},"end":{"line":45,"column":1}},"20":{"start":{"line":48,"column":14},"end":{"line":48,"column":28}},"21":{"start":{"line":49,"column":2},"end":{"line":54,"column":5}},"22":{"start":{"line":50,"column":4},"end":{"line":53,"column":5}},"23":{"start":{"line":51,"column":6},"end":{"line":51,"column":29}},"24":{"start":{"line":52,"column":6},"end":{"line":52,"column":39}},"25":{"start":{"line":52,"column":25},"end":{"line":52,"column":39}},"26":{"start":{"line":55,"column":2},"end":{"line":55,"column":13}},"27":{"start":{"line":60,"column":29},"end":{"line":60,"column":83}},"28":{"start":{"line":61,"column":15},"end":{"line":61,"column":43}},"29":{"start":{"line":62,"column":26},"end":{"line":70,"column":6}},"30":{"start":{"line":63,"column":25},"end":{"line":63,"column":31}},"31":{"start":{"line":73,"column":18},"end":{"line":73,"column":94}},"32":{"start":{"line":74,"column":0},"end":{"line":76,"column":1}},"33":{"start":{"line":75,"column":2},"end":{"line":75,"column":47}},"34":{"start":{"line":77,"column":16},"end":{"line":77,"column":38}},"35":{"start":{"line":78,"column":15},"end":{"line":87,"column":2}},"36":{"start":{"line":82,"column":4},"end":{"line":84,"column":5}},"37":{"start":{"line":83,"column":6},"end":{"line":83,"column":53}},"38":{"start":{"line":85,"column":4},"end":{"line":85,"column":19}},"39":{"start":{"line":90,"column":0},"end":{"line":98,"column":3}},"40":{"start":{"line":91,"column":2},"end":{"line":97,"column":3}},"41":{"start":{"line":92,"column":18},"end":{"line":92,"column":79}},"42":{"start":{"line":93,"column":18},"end":{"line":93,"column":64}},"43":{"start":{"line":94,"column":4},"end":{"line":94,"column":20}},"44":{"start":{"line":96,"column":4},"end":{"line":96,"column":78}},"45":{"start":{"line":101,"column":0},"end":{"line":109,"column":3}},"46":{"start":{"line":102,"column":2},"end":{"line":108,"column":3}},"47":{"start":{"line":103,"column":18},"end":{"line":103,"column":78}},"48":{"start":{"line":104,"column":18},"end":{"line":104,"column":64}},"49":{"start":{"line":105,"column":4},"end":{"line":105,"column":20}},"50":{"start":{"line":107,"column":4},"end":{"line":107,"column":78}},"51":{"start":{"line":112,"column":0},"end":{"line":176,"column":2}},"52":{"start":{"line":134,"column":4},"end":{"line":134,"column":44}},"53":{"start":{"line":134,"column":37},"end":{"line":134,"column":44}},"54":{"start":{"line":135,"column":4},"end":{"line":174,"column":5}},"55":{"start":{"line":136,"column":6},"end":{"line":159,"column":7}},"56":{"start":{"line":137,"column":8},"end":{"line":141,"column":9}},"57":{"start":{"line":138,"column":10},"end":{"line":140,"column":95}},"58":{"start":{"line":142,"column":18},"end":{"line":144,"column":9}},"59":{"start":{"line":145,"column":8},"end":{"line":149,"column":9}},"60":{"start":{"line":146,"column":10},"end":{"line":148,"column":87}},"61":{"start":{"line":150,"column":27},"end":{"line":150,"column":31}},"62":{"start":{"line":152,"column":10},"end":{"line":153,"column":76}},"63":{"start":{"line":154,"column":8},"end":{"line":158,"column":9}},"64":{"start":{"line":155,"column":10},"end":{"line":157,"column":97}},"65":{"start":{"line":161,"column":20},"end":{"line":161,"column":91}},"66":{"start":{"line":162,"column":6},"end":{"line":166,"column":7}},"67":{"start":{"line":163,"column":8},"end":{"line":165,"column":92}},"68":{"start":{"line":167,"column":22},"end":{"line":167,"column":40}},"69":{"start":{"line":168,"column":6},"end":{"line":168,"column":56}},"70":{"start":{"line":169,"column":19},"end":{"line":169,"column":45}},"71":{"start":{"line":170,"column":6},"end":{"line":170,"column":68}},"72":{"start":{"line":171,"column":6},"end":{"line":171,"column":33}},"73":{"start":{"line":173,"column":6},"end":{"line":173,"column":80}},"74":{"start":{"line":179,"column":0},"end":{"line":193,"column":3}},"75":{"start":{"line":180,"column":2},"end":{"line":180,"column":42}},"76":{"start":{"line":180,"column":35},"end":{"line":180,"column":42}},"77":{"start":{"line":181,"column":2},"end":{"line":192,"column":3}},"78":{"start":{"line":182,"column":16},"end":{"line":186,"column":6}},"79":{"start":{"line":187,"column":4},"end":{"line":187,"column":68}},"80":{"start":{"line":187,"column":14},"end":{"line":187,"column":68}},"81":{"start":{"line":188,"column":4},"end":{"line":188,"column":63}},"82":{"start":{"line":189,"column":4},"end":{"line":189,"column":18}},"83":{"start":{"line":191,"column":4},"end":{"line":191,"column":78}},"84":{"start":{"line":196,"column":0},"end":{"line":262,"column":2}},"85":{"start":{"line":218,"column":4},"end":{"line":218,"column":44}},"86":{"start":{"line":218,"column":37},"end":{"line":218,"column":44}},"87":{"start":{"line":219,"column":4},"end":{"line":260,"column":5}},"88":{"start":{"line":220,"column":6},"end":{"line":243,"column":7}},"89":{"start":{"line":221,"column":8},"end":{"line":225,"column":9}},"90":{"start":{"line":222,"column":10},"end":{"line":224,"column":95}},"91":{"start":{"line":226,"column":18},"end":{"line":228,"column":9}},"92":{"start":{"line":229,"column":8},"end":{"line":233,"column":9}},"93":{"start":{"line":230,"column":10},"end":{"line":232,"column":87}},"94":{"start":{"line":234,"column":27},"end":{"line":234,"column":31}},"95":{"start":{"line":236,"column":10},"end":{"line":237,"column":76}},"96":{"start":{"line":238,"column":8},"end":{"line":242,"column":9}},"97":{"start":{"line":239,"column":10},"end":{"line":241,"column":97}},"98":{"start":{"line":244,"column":21},"end":{"line":244,"column":39}},"99":{"start":{"line":245,"column":6},"end":{"line":245,"column":31}},"100":{"start":{"line":246,"column":18},"end":{"line":254,"column":7}},"101":{"start":{"line":255,"column":6},"end":{"line":255,"column":70}},"102":{"start":{"line":255,"column":16},"end":{"line":255,"column":70}},"103":{"start":{"line":256,"column":6},"end":{"line":256,"column":67}},"104":{"start":{"line":257,"column":6},"end":{"line":257,"column":20}},"105":{"start":{"line":259,"column":6},"end":{"line":259,"column":80}},"106":{"start":{"line":265,"column":0},"end":{"line":282,"column":3}},"107":{"start":{"line":266,"column":2},"end":{"line":266,"column":42}},"108":{"start":{"line":266,"column":35},"end":{"line":266,"column":42}},"109":{"start":{"line":267,"column":2},"end":{"line":281,"column":3}},"110":{"start":{"line":268,"column":16},"end":{"line":276,"column":5}},"111":{"start":{"line":277,"column":4},"end":{"line":277,"column":85}},"112":{"start":{"line":277,"column":13},"end":{"line":277,"column":85}},"113":{"start":{"line":278,"column":4},"end":{"line":278,"column":47}},"114":{"start":{"line":280,"column":4},"end":{"line":280,"column":78}},"115":{"start":{"line":285,"column":0},"end":{"line":303,"column":3}},"116":{"start":{"line":286,"column":2},"end":{"line":286,"column":42}},"117":{"start":{"line":286,"column":35},"end":{"line":286,"column":42}},"118":{"start":{"line":287,"column":2},"end":{"line":302,"column":3}},"119":{"start":{"line":288,"column":16},"end":{"line":296,"column":5}},"120":{"start":{"line":297,"column":4},"end":{"line":297,"column":68}},"121":{"start":{"line":297,"column":14},"end":{"line":297,"column":68}},"122":{"start":{"line":298,"column":4},"end":{"line":298,"column":66}},"123":{"start":{"line":299,"column":4},"end":{"line":299,"column":18}},"124":{"start":{"line":301,"column":4},"end":{"line":301,"column":78}},"125":{"start":{"line":306,"column":0},"end":{"line":317,"column":3}},"126":{"start":{"line":307,"column":2},"end":{"line":316,"column":3}},"127":{"start":{"line":308,"column":4},"end":{"line":309,"column":81}},"128":{"start":{"line":309,"column":6},"end":{"line":309,"column":81}},"129":{"start":{"line":310,"column":16},"end":{"line":310,"column":67}},"130":{"start":{"line":311,"column":4},"end":{"line":311,"column":68}},"131":{"start":{"line":311,"column":14},"end":{"line":311,"column":68}},"132":{"start":{"line":312,"column":4},"end":{"line":312,"column":76}},"133":{"start":{"line":313,"column":4},"end":{"line":313,"column":46}},"134":{"start":{"line":315,"column":4},"end":{"line":315,"column":78}},"135":{"start":{"line":320,"column":0},"end":{"line":367,"column":2}},"136":{"start":{"line":326,"column":4},"end":{"line":331,"column":9}},"137":{"start":{"line":327,"column":6},"end":{"line":331,"column":9}},"138":{"start":{"line":332,"column":4},"end":{"line":365,"column":5}},"139":{"start":{"line":334,"column":8},"end":{"line":338,"column":20}},"140":{"start":{"line":339,"column":23},"end":{"line":339,"column":61}},"141":{"start":{"line":340,"column":23},"end":{"line":340,"column":53}},"142":{"start":{"line":341,"column":6},"end":{"line":341,"column":61}},"143":{"start":{"line":342,"column":23},"end":{"line":342,"column":51}},"144":{"start":{"line":343,"column":22},"end":{"line":346,"column":8}},"145":{"start":{"line":347,"column":6},"end":{"line":347,"column":74}},"146":{"start":{"line":347,"column":20},"end":{"line":347,"column":74}},"147":{"start":{"line":349,"column":8},"end":{"line":351,"column":16}},"148":{"start":{"line":352,"column":6},"end":{"line":352,"column":34}},"149":{"start":{"line":353,"column":6},"end":{"line":353,"column":27}},"150":{"start":{"line":354,"column":6},"end":{"line":360,"column":7}},"151":{"start":{"line":355,"column":24},"end":{"line":358,"column":9}},"152":{"start":{"line":359,"column":8},"end":{"line":359,"column":52}},"153":{"start":{"line":361,"column":6},"end":{"line":361,"column":89}},"154":{"start":{"line":362,"column":6},"end":{"line":362,"column":24}},"155":{"start":{"line":364,"column":6},"end":{"line":364,"column":80}},"156":{"start":{"line":369,"column":0},"end":{"line":369,"column":24}}},"fnMap":{"0":{"name":"handleValidation","decl":{"start":{"line":13,"column":9},"end":{"line":13,"column":25}},"loc":{"start":{"line":13,"column":36},"end":{"line":24,"column":1}},"line":13},"1":{"name":"getMaxBikesPerUser","decl":{"start":{"line":29,"column":9},"end":{"line":29,"column":27}},"loc":{"start":{"line":29,"column":30},"end":{"line":31,"column":1}},"line":29},"2":{"name":"sanitize","decl":{"start":{"line":47,"column":9},"end":{"line":47,"column":17}},"loc":{"start":{"line":47,"column":27},"end":{"line":56,"column":1}},"line":47},"3":{"name":"(anonymous_3)","decl":{"start":{"line":49,"column":24},"end":{"line":49,"column":25}},"loc":{"start":{"line":49,"column":31},"end":{"line":54,"column":3}},"line":49},"4":{"name":"(anonymous_4)","decl":{"start":{"line":63,"column":4},"end":{"line":63,"column":5}},"loc":{"start":{"line":63,"column":25},"end":{"line":63,"column":31}},"line":63},"5":{"name":"(anonymous_5)","decl":{"start":{"line":81,"column":14},"end":{"line":81,"column":15}},"loc":{"start":{"line":81,"column":33},"end":{"line":86,"column":3}},"line":81},"6":{"name":"(anonymous_6)","decl":{"start":{"line":90,"column":29},"end":{"line":90,"column":30}},"loc":{"start":{"line":90,"column":49},"end":{"line":98,"column":1}},"line":90},"7":{"name":"(anonymous_7)","decl":{"start":{"line":101,"column":36},"end":{"line":101,"column":37}},"loc":{"start":{"line":101,"column":56},"end":{"line":109,"column":1}},"line":101},"8":{"name":"(anonymous_8)","decl":{"start":{"line":133,"column":2},"end":{"line":133,"column":3}},"loc":{"start":{"line":133,"column":22},"end":{"line":175,"column":3}},"line":133},"9":{"name":"(anonymous_9)","decl":{"start":{"line":179,"column":59},"end":{"line":179,"column":60}},"loc":{"start":{"line":179,"column":79},"end":{"line":193,"column":1}},"line":179},"10":{"name":"(anonymous_10)","decl":{"start":{"line":217,"column":2},"end":{"line":217,"column":3}},"loc":{"start":{"line":217,"column":22},"end":{"line":261,"column":3}},"line":217},"11":{"name":"(anonymous_11)","decl":{"start":{"line":265,"column":62},"end":{"line":265,"column":63}},"loc":{"start":{"line":265,"column":82},"end":{"line":282,"column":1}},"line":265},"12":{"name":"(anonymous_12)","decl":{"start":{"line":285,"column":68},"end":{"line":285,"column":69}},"loc":{"start":{"line":285,"column":88},"end":{"line":303,"column":1}},"line":285},"13":{"name":"(anonymous_13)","decl":{"start":{"line":306,"column":67},"end":{"line":306,"column":68}},"loc":{"start":{"line":306,"column":87},"end":{"line":317,"column":1}},"line":306},"14":{"name":"(anonymous_14)","decl":{"start":{"line":325,"column":2},"end":{"line":325,"column":3}},"loc":{"start":{"line":325,"column":22},"end":{"line":366,"column":3}},"line":325},"15":{"name":"(anonymous_15)","decl":{"start":{"line":359,"column":42},"end":{"line":359,"column":43}},"loc":{"start":{"line":359,"column":48},"end":{"line":359,"column":50}},"line":359}},"branchMap":{"0":{"loc":{"start":{"line":15,"column":2},"end":{"line":22,"column":3}},"type":"if","locations":[{"start":{"line":15,"column":2},"end":{"line":22,"column":3}},{"start":{},"end":{}}],"line":15},"1":{"loc":{"start":{"line":30,"column":18},"end":{"line":30,"column":57}},"type":"binary-expr","locations":[{"start":{"line":30,"column":18},"end":{"line":30,"column":48}},{"start":{"line":30,"column":52},"end":{"line":30,"column":57}}],"line":30},"2":{"loc":{"start":{"line":50,"column":4},"end":{"line":53,"column":5}},"type":"if","locations":[{"start":{"line":50,"column":4},"end":{"line":53,"column":5}},{"start":{},"end":{}}],"line":50},"3":{"loc":{"start":{"line":52,"column":6},"end":{"line":52,"column":39}},"type":"if","locations":[{"start":{"line":52,"column":6},"end":{"line":52,"column":39}},{"start":{},"end":{}}],"line":52},"4":{"loc":{"start":{"line":60,"column":38},"end":{"line":60,"column":78}},"type":"binary-expr","locations":[{"start":{"line":60,"column":38},"end":{"line":60,"column":70}},{"start":{"line":60,"column":74},"end":{"line":60,"column":78}}],"line":60},"5":{"loc":{"start":{"line":62,"column":26},"end":{"line":70,"column":6}},"type":"cond-expr","locations":[{"start":{"line":63,"column":4},"end":{"line":63,"column":31}},{"start":{"line":64,"column":4},"end":{"line":70,"column":6}}],"line":62},"6":{"loc":{"start":{"line":73,"column":18},"end":{"line":73,"column":94}},"type":"binary-expr","locations":[{"start":{"line":73,"column":18},"end":{"line":73,"column":46}},{"start":{"line":73,"column":50},"end":{"line":73,"column":94}}],"line":73},"7":{"loc":{"start":{"line":74,"column":0},"end":{"line":76,"column":1}},"type":"if","locations":[{"start":{"line":74,"column":0},"end":{"line":76,"column":1}},{"start":{},"end":{}}],"line":74},"8":{"loc":{"start":{"line":82,"column":4},"end":{"line":84,"column":5}},"type":"if","locations":[{"start":{"line":82,"column":4},"end":{"line":84,"column":5}},{"start":{},"end":{}}],"line":82},"9":{"loc":{"start":{"line":134,"column":4},"end":{"line":134,"column":44}},"type":"if","locations":[{"start":{"line":134,"column":4},"end":{"line":134,"column":44}},{"start":{},"end":{}}],"line":134},"10":{"loc":{"start":{"line":136,"column":6},"end":{"line":159,"column":7}},"type":"if","locations":[{"start":{"line":136,"column":6},"end":{"line":159,"column":7}},{"start":{},"end":{}}],"line":136},"11":{"loc":{"start":{"line":137,"column":8},"end":{"line":141,"column":9}},"type":"if","locations":[{"start":{"line":137,"column":8},"end":{"line":141,"column":9}},{"start":{},"end":{}}],"line":137},"12":{"loc":{"start":{"line":145,"c
[...]
,"/Applications/cykloservis_app/backend/routes/serviceRequests.js": {"path":"/Applications/cykloservis_app/backend/routes/serviceRequests.js","statementMap":{"0":{"start":{"line":1,"column":16},"end":{"line":1,"column":34}},"1":{"start":{"line":2,"column":15},"end":{"line":2,"column":31}},"2":{"start":{"line":3,"column":42},"end":{"line":3,"column":70}},"3":{"start":{"line":4,"column":24},"end":{"line":4,"column":53}},"4":{"start":{"line":5,"column":23},"end":{"line":5,"column":58}},"5":{"start":{"line":6,"column":13},"end":{"line":6,"column":38}},"6":{"start":{"line":7,"column":14},"end":{"line":7,"column":44}},"7":{"start":{"line":8,"column":17},"end":{"line":8,"column":45}},"8":{"start":{"line":11,"column":17},"end":{"line":11,"column":38}},"9":{"start":{"line":12,"column":2},"end":{"line":15,"column":3}},"10":{"start":{"line":13,"column":2},"end":{"line":13,"column":121}},"11":{"start":{"line":14,"column":4},"end":{"line":14,"column":17}},"12":{"start":{"line":16,"column":2},"end":{"line":16,"column":14}},"13":{"start":{"line":20,"column":0},"end":{"line":27,"column":3}},"14":{"start":{"line":21,"column":2},"end":{"line":26,"column":3}},"15":{"start":{"line":22,"column":18},"end":{"line":22,"column":99}},"16":{"start":{"line":23,"column":4},"end":{"line":23,"column":20}},"17":{"start":{"line":25,"column":4},"end":{"line":25,"column":78}},"18":{"start":{"line":30,"column":0},"end":{"line":61,"column":2}},"19":{"start":{"line":41,"column":4},"end":{"line":41,"column":36}},"20":{"start":{"line":41,"column":29},"end":{"line":41,"column":36}},"21":{"start":{"line":42,"column":4},"end":{"line":59,"column":5}},"22":{"start":{"line":44,"column":19},"end":{"line":48,"column":8}},"23":{"start":{"line":49,"column":2},"end":{"line":49,"column":113}},"24":{"start":{"line":49,"column":13},"end":{"line":49,"column":113}},"25":{"start":{"line":50,"column":22},"end":{"line":50,"column":65}},"26":{"start":{"line":51,"column":22},"end":{"line":51,"column":58}},"27":{"start":{"line":52,"column":6},"end":{"line":55,"column":9}},"28":{"start":{"line":56,"column":6},"end":{"line":56,"column":36}},"29":{"start":{"line":58,"column":6},"end":{"line":58,"column":80}},"30":{"start":{"line":64,"column":0},"end":{"line":86,"column":2}},"31":{"start":{"line":69,"column":4},"end":{"line":69,"column":36}},"32":{"start":{"line":69,"column":29},"end":{"line":69,"column":36}},"33":{"start":{"line":70,"column":4},"end":{"line":84,"column":5}},"34":{"start":{"line":71,"column":22},"end":{"line":75,"column":7}},"35":{"start":{"line":76,"column":2},"end":{"line":76,"column":70}},"36":{"start":{"line":76,"column":16},"end":{"line":76,"column":70}},"37":{"start":{"line":77,"column":6},"end":{"line":80,"column":9}},"38":{"start":{"line":81,"column":6},"end":{"line":81,"column":24}},"39":{"start":{"line":83,"column":6},"end":{"line":83,"column":80}},"40":{"start":{"line":89,"column":0},"end":{"line":103,"column":3}},"41":{"start":{"line":90,"column":2},"end":{"line":90,"column":34}},"42":{"start":{"line":90,"column":27},"end":{"line":90,"column":34}},"43":{"start":{"line":91,"column":2},"end":{"line":102,"column":3}},"44":{"start":{"line":92,"column":20},"end":{"line":95,"column":6}},"45":{"start":{"line":96,"column":4},"end":{"line":98,"column":5}},"46":{"start":{"line":97,"column":6},"end":{"line":97,"column":92}},"47":{"start":{"line":99,"column":2},"end":{"line":99,"column":25}},"48":{"start":{"line":101,"column":4},"end":{"line":101,"column":78}},"49":{"start":{"line":105,"column":0},"end":{"line":105,"column":24}}},"fnMap":{"0":{"name":"validate","decl":{"start":{"line":10,"column":9},"end":{"line":10,"column":17}},"loc":{"start":{"line":10,"column":28},"end":{"line":17,"column":1}},"line":10},"1":{"name":"(anonymous_1)","decl":{"start":{"line":20,"column":29},"end":{"line":20,"column":30}},"loc":{"start":{"line":20,"column":49},"end":{"line":27,"column":1}},"line":20},"2":{"name":"(anonymous_2)","decl":{"start":{"line":40,"column":2},"end":{"line":40,"column":3}},"loc":{"start":{"line":40,"column":22},"end":{"line":60,"column":3}},"line":40},"3":{"name":"(anonymous_3)","decl":{"start":{"line":68,"column":2},"end":{"line":68,"column":3}},"loc":{"start":{"line":68,"column":22},"end":{"line":85,"column":3}},"line":68},"4":{"name":"(anonymous_4)","decl":{"start":{"line":89,"column":62},"end":{"line":89,"column":63}},"loc":{"start":{"line":89,"column":82},"end":{"line":103,"column":1}},"line":89}},"branchMap":{"0":{"loc":{"start":{"line":12,"column":2},"end":{"line":15,"column":3}},"type":"if","locations":[{"start":{"line":12,"column":2},"end":{"line":15,"column":3}},{"start":{},"end":{}}],"line":12},"1":{"loc":{"start":{"line":41,"column":4},"end":{"line":41,"column":36}},"type":"if","locations":[{"start":{"line":41,"column":4},"end":{"line":41,"column":36}},{"start":{},"end":{}}],"line":41},"2":{"loc":{"start":{"line":49,"column":2},"end":{"line":49,"column":113}},"type":"if","locations":[{"start":{"line":49,"column":2},"end":{"line":49,"column":113}},{"start":{},"end":{}}],"line":49},"3":{"loc":{"start":{"line":69,"column":4},"end":{"line":69,"column":36}},"type":"if","locations":[{"start":{"line":69,"column":4},"end":{"line":69,"column":36}},{"start":{},"end":{}}],"line":69},"4":{"loc":{"start":{"line":76,"column":2},"end":{"line":76,"column":70}},"type":"if","locations":[{"start":{"line":76,"column":2},"end":{"line":76,"column":70}},{"start":{},"end":{}}],"line":76},"5":{"loc":{"start":{"line":90,"column":2},"end":{"line":90,"column":34}},"type":"if","locations":[{"start":{"line":90,"column":2},"end":{"line":90,"column":34}},{"start":{},"end":{}}],"line":90},"6":{"loc":{"start":{"line":96,"column":4},"end":{"line":98,"column":5}},"type":"if","locations":[{"start":{"line":96,"column":4},"end":{"line":98,"column":5}},{"start":{},"end":{}}],"line":96}},"s":{"0":1,"1":1,"2":1,"3":1,"4":1,"5":1,"6":1,"7":1,"8":0,"9":0,"10":0,"11":0,"12":0,"13":1,"14":0,"15":0,"16":0,"17":0,"18":1,"19":0,"20":0,"21":0,"22":0,"23":0,"24":0,"25":0,"26":0,"27":0,"28":0,"29":0,"30":1,"31":0,"32":0,"33":0,"34":0,"35":0,"36":0,"37":0,"38":0,"39":0,"40":1,"41":0,"42":0,"43":0,"44":0,"45":0,"46":0,"47":0,"48":0,"49":1},"f":{"0":0,"1":0,"2":0,"3":0,"4":0},"b":{"0":[0,0],"1":[0,0],"2":[0,0],"3":[0,0],"4":[0,0],"5":[0,0],"6":[0,0]},"_coverageSchema":"1a1c01bbd47fc00a2c39e90264f33305004495a9","hash":"a89237c95ca5a793943fa1fe5a021aa2b0337a19"}
,"/Applications/cykloservis_app/backend/tests/helpers/testFactory.js": {"path":"/Applications/cykloservis_app/backend/tests/helpers/testFactory.js","statementMap":{"0":{"start":{"line":1,"column":16},"end":{"line":1,"column":36}},"1":{"start":{"line":2,"column":12},"end":{"line":2,"column":28}},"2":{"start":{"line":3,"column":17},"end":{"line":3,"column":36}},"3":{"start":{"line":8,"column":2},"end":{"line":8,"column":51}},"4":{"start":{"line":8,"column":44},"end":{"line":8,"column":51}},"5":{"start":{"line":9,"column":2},"end":{"line":12,"column":3}},"6":{"start":{"line":10,"column":4},"end":{"line":10,"column":28}},"7":{"start":{"line":11,"column":4},"end":{"line":11,"column":11}},"8":{"start":{"line":13,"column":12},"end":{"line":13,"column":63}},"9":{"start":{"line":14,"column":2},"end":{"line":41,"column":3}},"10":{"start":{"line":15,"column":34},"end":{"line":15,"column":66}},"11":{"start":{"line":17,"column":4},"end":{"line":39,"column":5}},"12":{"start":{"line":19,"column":26},"end":{"line":19,"column":27}},"13":{"start":{"line":21,"column":6},"end":{"line":37,"column":7}},"14":{"start":{"line":21,"column":25},"end":{"line":21,"column":26}},"15":{"start":{"line":22,"column":8},"end":{"line":36,"column":9}},"16":{"start":{"line":23,"column":10},"end":{"line":28,"column":13}},"17":{"start":{"line":29,"column":10},"end":{"line":29,"column":16}},"18":{"start":{"line":31,"column":10},"end":{"line":31,"column":24}},"19":{"start":{"line":32,"column":10},"end":{"line":34,"column":11}},"20":{"start":{"line":33,"column":12},"end":{"line":33,"column":22}},"21":{"start":{"line":35,"column":10},"end":{"line":35,"column":65}},"22":{"start":{"line":35,"column":35},"end":{"line":35,"column":63}},"23":{"start":{"line":38,"column":6},"end":{"line":38,"column":85}},"24":{"start":{"line":38,"column":25},"end":{"line":38,"column":85}},"25":{"start":{"line":40,"column":4},"end":{"line":40,"column":32}},"26":{"start":{"line":43,"column":2},"end":{"line":54,"column":7}},"27":{"start":{"line":44,"column":28},"end":{"line":44,"column":29}},"28":{"start":{"line":45,"column":4},"end":{"line":53,"column":5}},"29":{"start":{"line":45,"column":17},"end":{"line":45,"column":18}},"30":{"start":{"line":46,"column":6},"end":{"line":52,"column":7}},"31":{"start":{"line":47,"column":8},"end":{"line":47,"column":40}},"32":{"start":{"line":48,"column":8},"end":{"line":48,"column":14}},"33":{"start":{"line":50,"column":8},"end":{"line":50,"column":45}},"34":{"start":{"line":50,"column":35},"end":{"line":50,"column":45}},"35":{"start":{"line":51,"column":8},"end":{"line":51,"column":57}},"36":{"start":{"line":51,"column":33},"end":{"line":51,"column":55}},"37":{"start":{"line":55,"column":2},"end":{"line":55,"column":26}},"38":{"start":{"line":56,"column":2},"end":{"line":56,"column":27}},"39":{"start":{"line":61,"column":2},"end":{"line":68,"column":3}},"40":{"start":{"line":62,"column":4},"end":{"line":66,"column":5}},"41":{"start":{"line":63,"column":6},"end":{"line":63,"column":32}},"42":{"start":{"line":67,"column":4},"end":{"line":67,"column":24}},"43":{"start":{"line":72,"column":2},"end":{"line":72,"column":19}},"44":{"start":{"line":73,"column":16},"end":{"line":73,"column":53}},"45":{"start":{"line":74,"column":2},"end":{"line":78,"column":17}},"46":{"start":{"line":79,"column":2},"end":{"line":79,"column":99}},"47":{"start":{"line":80,"column":15},"end":{"line":80,"column":43}},"48":{"start":{"line":81,"column":15},"end":{"line":81,"column":44}},"49":{"start":{"line":82,"column":15},"end":{"line":82,"column":36}},"50":{"start":{"line":83,"column":2},"end":{"line":83,"column":81}},"51":{"start":{"line":84,"column":2},"end":{"line":94,"column":17}},"52":{"start":{"line":95,"column":19},"end":{"line":98,"column":16}},"53":{"start":{"line":99,"column":2},"end":{"line":99,"column":47}},"54":{"start":{"line":103,"column":14},"end":{"line":107,"column":16}},"55":{"start":{"line":108,"column":2},"end":{"line":108,"column":21}},"56":{"start":{"line":111,"column":0},"end":{"line":111,"column":74}}},"fnMap":{"0":{"name":"ensureDb","decl":{"start":{"line":7,"column":15},"end":{"line":7,"column":23}},"loc":{"start":{"line":7,"column":26},"end":{"line":57,"column":1}},"line":7},"1":{"name":"(anonymous_1)","decl":{"start":{"line":35,"column":28},"end":{"line":35,"column":29}},"loc":{"start":{"line":35,"column":35},"end":{"line":35,"column":63}},"line":35},"2":{"name":"(anonymous_2)","decl":{"start":{"line":43,"column":23},"end":{"line":43,"column":24}},"loc":{"start":{"line":43,"column":35},"end":{"line":54,"column":3}},"line":43},"3":{"name":"(anonymous_3)","decl":{"start":{"line":51,"column":26},"end":{"line":51,"column":27}},"loc":{"start":{"line":51,"column":33},"end":{"line":51,"column":55}},"line":51},"4":{"name":"stopMemory","decl":{"start":{"line":60,"column":15},"end":{"line":60,"column":25}},"loc":{"start":{"line":60,"column":28},"end":{"line":69,"column":1}},"line":60},"5":{"name":"createUserAndLogin","decl":{"start":{"line":71,"column":15},"end":{"line":71,"column":33}},"loc":{"start":{"line":71,"column":51},"end":{"line":100,"column":1}},"line":71},"6":{"name":"createBike","decl":{"start":{"line":102,"column":15},"end":{"line":102,"column":25}},"loc":{"start":{"line":102,"column":54},"end":{"line":109,"column":1}},"line":102}},"branchMap":{"0":{"loc":{"start":{"line":8,"column":2},"end":{"line":8,"column":51}},"type":"if","locations":[{"start":{"line":8,"column":2},"end":{"line":8,"column":51}},{"start":{},"end":{}}],"line":8},"1":{"loc":{"start":{"line":9,"column":2},"end":{"line":12,"column":3}},"type":"if","locations":[{"start":{"line":9,"column":2},"end":{"line":12,"column":3}},{"start":{},"end":{}}],"line":9},"2":{"loc":{"start":{"line":13,"column":12},"end":{"line":13,"column":63}},"type":"binary-expr","locations":[{"start":{"line":13,"column":12},"end":{"line":13,"column":33}},{"start":{"line":13,"column":37},"end":{"line":13,"column":63}}],"line":13},"3":{"loc":{"start":{"line":14,"column":2},"end":{"line":41,"column":3}},"type":"if","locations":[{"start":{"line":14,"column":2},"end":{"line":41,"column":3}},{"start":{},"end":{}}],"line":14},"4":{"loc":{"start":{"line":17,"column":4},"end":{"line":39,"column":5}},"type":"if","locations":[{"start":{"line":17,"column":4},"end":{"line":39,"column":5}},{"start":{},"end":{}}],"line":17},"5":{"loc":{"start":{"line":32,"column":10},"end":{"line":34,"column":11}},"type":"if","locations":[{"start":{"line":32,"column":10},"end":{"line":34,"column":11}},{"start":{},"end":{}}],"line":32},"6":{"loc":{"start":{"line":38,"column":6},"end":{"line":38,"column":85}},"type":"if","locations":[{"start":{"line":38,"column":6},"end":{"line":38,"column":85}},{"start":{},"end":{}}],"line":38},"7":{"loc":{"start":{"line":38,"column":31},"end":{"line":38,"column":84}},"type":"binary-expr","locations":[{"start":{"line":38,"column":31},"end":{"line":38,"column":38}},{"start":{"line":38,"column":42},"end":{"line":38,"column":84}}],"line":38},"8":{"loc":{"start":{"line":50,"column":8},"end":{"line":50,"column":45}},"type":"if","locations":[{"start":{"line":50,"column":8},"end":{"line":50,"column":45}},{"start":{},"end":{}}],"line":50},"9":{"loc":{"start":{"line":61,"column":2},"end":{"line":68,"column":3}},"type":"if","locations":[{"start":{"line":61,"column":2},"end":{"line":68,"column":3}},{"start":{},"end":{}}],"line":61},"10":{"loc":{"start":{"line":71,"column":34},"end":{"line":71,"column":49}},"type":"default-arg","locations":[{"start":{"line":71,"column":43},"end":{"line":71,"column":49}}],"line":71},"11":{"loc":{"start":{"line":102,"column":33},"end":{"line":102,"column":52}},"type":"default-arg","locations":[{"start":{"line":102,"column":41},"end":{"line":102,"column":52}}],"line":102}},"s":{"0":1,"1":1,"2":1,"3":0,"4":0,"5":0,"6":0,"7":0,"8":0,"9":0,"10":0,"11":0,"12":0,"13":0,"14":0,"15":0,"16":0,"17":0,"18":0,"19":0,"20":0,"21":0,"22":0,"23":0,"24":0,"25":0,"26":0,"27":0,"28":0,"29":0,"30":0,"31":0,"32":0,"33":0,"34":0,"35":0,"36":0,"37":0,"38":0,"39":1,"40":0,"41":0,"42":0,"43":0,"44":0,"45":0,"46":0,"47":0,"48":0,"49":0,"50":0,"51":0,"52":0,"53":0,"54":0,"55":0,"56":1},"f":{"0":0,"1":0,"2":0,"3":0,"4":1,"5":0,"6":0},"b":{"0":[0,0],"1":[0,0],"2":[0,0],"3":[0,0],"4":[0,0],"5":[0,0],"6":[0,0],"7":[0,0],"8":[0,0],"9":[0,1],"10":[0],"11":[0]},"_coverageSchema":"1a1c01bbd47fc00a2c39e90264f33305004495a9","hash":"99ca1006311e640f1474ad05cd466d94b526bd3a"}
,"/Applications/cykloservis_app/backend/utils/auditLog.js": {"path":"/Applications/cykloservis_app/backend/utils/auditLog.js","statementMap":{"0":{"start":{"line":1,"column":11},"end":{"line":1,"column":24}},"1":{"start":{"line":2,"column":13},"end":{"line":2,"column":28}},"2":{"start":{"line":4,"column":16},"end":{"line":4,"column":52}},"3":{"start":{"line":7,"column":16},"end":{"line":12,"column":3}},"4":{"start":{"line":13,"column":2},"end":{"line":15,"column":5}},"5":{"start":{"line":14,"column":4},"end":{"line":14,"column":52}},"6":{"start":{"line":14,"column":13},"end":{"line":14,"column":52}},"7":{"start":{"line":18,"column":0},"end":{"line":18,"column":26}}},"fnMap":{"0":{"name":"auditLog","decl":{"start":{"line":6,"column":9},"end":{"line":6,"column":17}},"loc":{"start":{"line":6,"column":51},"end":{"line":16,"column":1}},"line":6},"1":{"name":"(anonymous_1)","decl":{"start":{"line":13,"column":55},"end":{"line":13,"column":56}},"loc":{"start":{"line":13,"column":62},"end":{"line":15,"column":3}},"line":13}},"branchMap":{"0":{"loc":{"start":{"line":6,"column":37},"end":{"line":6,"column":49}},"type":"default-arg","locations":[{"start":{"line":6,"column":47},"end":{"line":6,"column":49}}],"line":6},"1":{"loc":{"start":{"line":14,"column":4},"end":{"line":14,"column":52}},"type":"if","locations":[{"start":{"line":14,"column":4},"end":{"line":14,"column":52}},{"start":{},"end":{}}],"line":14}},"s":{"0":1,"1":1,"2":1,"3":0,"4":0,"5":0,"6":0,"7":1},"f":{"0":0,"1":0},"b":{"0":[0],"1":[0,0]},"_coverageSchema":"1a1c01bbd47fc00a2c39e90264f33305004495a9","hash":"77c6b89dc2aab807b1cddf0cf5b02ce5f946d7b3"}
,"/Applications/cykloservis_app/backend/utils/errorCodes.js": {"path":"/Applications/cykloservis_app/backend/utils/errorCodes.js","statementMap":{"0":{"start":{"line":2,"column":0},"end":{"line":17,"column":2}}},"fnMap":{},"branchMap":{},"s":{"0":1},"f":{},"b":{},"_coverageSchema":"1a1c01bbd47fc00a2c39e90264f33305004495a9","hash":"6007acb16318cba1e10c7ebbb3d0ae1b9f0c367b"}
,"/Applications/cykloservis_app/backend/utils/mailer.js": {"path":"/Applications/cykloservis_app/backend/utils/mailer.js","statementMap":{"0":{"start":{"line":1,"column":19},"end":{"line":1,"column":40}},"1":{"start":{"line":3,"column":18},"end":{"line":3,"column":22}},"2":{"start":{"line":4,"column":0},"end":{"line":13,"column":1}},"3":{"start":{"line":5,"column":2},"end":{"line":12,"column":5}},"4":{"start":{"line":16,"column":2},"end":{"line":19,"column":3}},"5":{"start":{"line":18,"column":4},"end":{"line":18,"column":16}},"6":{"start":{"line":20,"column":2},"end":{"line":28,"column":3}},"7":{"start":{"line":21,"column":4},"end":{"line":21,"column":54}},"8":{"start":{"line":22,"column":4},"end":{"line":22,"column":16}},"9":{"start":{"line":24,"column":4},"end":{"line":26,"column":5}},"10":{"start":{"line":25,"column":6},"end":{"line":25,"column":42}},"11":{"start":{"line":27,"column":4},"end":{"line":27,"column":17}},"12":{"start":{"line":31,"column":0},"end":{"line":31,"column":30}}},"fnMap":{"0":{"name":"sendMail","decl":{"start":{"line":15,"column":15},"end":{"line":15,"column":23}},"loc":{"start":{"line":15,"column":47},"end":{"line":29,"column":1}},"line":15}},"branchMap":{"0":{"loc":{"start":{"line":4,"column":0},"end":{"line":13,"column":1}},"type":"if","locations":[{"start":{"line":4,"column":0},"end":{"line":13,"column":1}},{"start":{},"end":{}}],"line":4},"1":{"loc":{"start":{"line":16,"column":2},"end":{"line":19,"column":3}},"type":"if","locations":[{"start":{"line":16,"column":2},"end":{"line":19,"column":3}},{"start":{},"end":{}}],"line":16},"2":{"loc":{"start":{"line":24,"column":4},"end":{"line":26,"column":5}},"type":"if","locations":[{"start":{"line":24,"column":4},"end":{"line":26,"column":5}},{"start":{},"end":{}}],"line":24}},"s":{"0":1,"1":1,"2":1,"3":0,"4":0,"5":0,"6":0,"7":0,"8":0,"9":0,"10":0,"11":0,"12":1},"f":{"0":0},"b":{"0":[0,1],"1":[0,0],"2":[0,0]},"_coverageSchema":"1a1c01bbd47fc00a2c39e90264f33305004495a9","hash":"515244072152d74f9c5ff40ac23bfacc0553faae"}
}
