TN:
SF:backend/docs.js
FN:10,setupDocs
FN:11,(anonymous_1)
FNF:2
FNH:1
FNDA:1,setupDocs
FNDA:0,(anonymous_1)
DA:1,1
DA:2,1
DA:3,1
DA:4,1
DA:6,1
DA:7,1
DA:8,1
DA:11,1
DA:12,1
DA:15,1
LF:10
LH:10
BRF:0
BRH:0
end_of_record
TN:
SF:backend/index.js
FN:83,(anonymous_0)
FN:89,connectMongo
FN:91,(anonymous_2)
FN:92,(anonymous_3)
FN:101,(anonymous_4)
FN:108,(anonymous_5)
FN:112,(anonymous_6)
FN:130,(anonymous_7)
FN:134,_startTestServer
FN:141,shutdown
FN:144,(anonymous_10)
FN:147,(anonymous_11)
FN:150,(anonymous_12)
FN:163,(anonymous_13)
FN:176,(anonymous_14)
FN:183,(anonymous_15)
FN:183,(anonymous_16)
FNF:17
FNH:5
FNDA:0,(anonymous_0)
FNDA:0,connectMongo
FNDA:0,(anonymous_2)
FNDA:0,(anonymous_3)
FNDA:0,(anonymous_4)
FNDA:0,(anonymous_5)
FNDA:0,(anonymous_6)
FNDA:0,(anonymous_7)
FNDA:1,_startTestServer
FNDA:2,shutdown
FNDA:2,(anonymous_10)
FNDA:0,(anonymous_11)
FNDA:2,(anonymous_12)
FNDA:1,(anonymous_13)
FNDA:0,(anonymous_14)
FNDA:0,(anonymous_15)
FNDA:0,(anonymous_16)
DA:1,1
DA:2,1
DA:3,1
DA:4,1
DA:5,1
DA:6,1
DA:13,1
DA:14,1
DA:15,0
DA:16,0
DA:22,0
DA:29,1
DA:31,1
DA:32,1
DA:34,1
DA:35,0
DA:37,1
DA:38,1
DA:39,1
DA:44,1
DA:45,1
DA:47,1
DA:48,1
DA:49,1
DA:57,1
DA:58,0
DA:60,0
DA:61,0
DA:62,0
DA:63,0
DA:64,0
DA:68,1
DA:70,1
DA:72,1
DA:74,1
DA:77,1
DA:84,0
DA:90,0
DA:91,0
DA:92,0
DA:95,1
DA:96,0
DA:98,1
DA:101,1
DA:102,0
DA:105,1
DA:106,1
DA:108,1
DA:109,0
DA:112,1
DA:113,0
DA:114,0
DA:115,0
DA:118,1
DA:120,1
DA:123,1
DA:124,1
DA:127,1
DA:129,0
DA:130,0
DA:135,1
DA:136,1
DA:137,1
DA:142,2
DA:143,2
DA:144,2
DA:145,2
DA:147,2
DA:148,0
DA:150,2
DA:151,2
DA:152,2
DA:153,0
DA:154,0
DA:157,0
DA:159,2
DA:161,2
DA:162,1
DA:163,1
DA:164,1
DA:165,1
DA:168,0
DA:169,0
DA:172,1
DA:175,2
DA:176,0
DA:177,0
DA:178,0
DA:182,1
DA:183,0
DA:186,1
DA:188,1
DA:189,1
DA:190,1
DA:191,1
LF:95
LH:63
BRDA:14,0,0,0
BRDA:14,0,1,1
BRDA:34,1,0,0
BRDA:34,1,1,1
BRDA:47,2,0,1
BRDA:47,2,1,1
BRDA:57,3,0,0
BRDA:57,3,1,1
BRDA:89,4,0,0
BRDA:95,5,0,0
BRDA:95,5,1,1
BRDA:95,6,0,1
BRDA:95,6,1,0
BRDA:105,7,0,1
BRDA:105,7,1,1
BRDA:114,8,0,0
BRDA:114,8,1,0
BRDA:115,9,0,0
BRDA:115,9,1,0
BRDA:115,10,0,0
BRDA:115,10,1,0
BRDA:127,11,0,0
BRDA:127,11,1,1
BRDA:129,12,0,0
BRDA:129,12,1,0
BRDA:135,13,0,0
BRDA:135,13,1,1
BRDA:145,14,0,0
BRDA:145,14,1,2
BRDA:148,15,0,0
BRDA:148,15,1,0
BRDA:152,16,0,0
BRDA:152,16,1,2
BRDA:152,17,0,2
BRDA:152,17,1,2
BRDA:154,18,0,0
BRDA:154,18,1,0
BRDA:161,19,0,1
BRDA:161,19,1,1
BRDA:175,20,0,0
BRDA:175,20,1,2
BRDA:182,21,0,0
BRDA:182,21,1,1
BRDA:188,22,0,0
BRDA:188,22,1,1
BRF:45
BRH:20
end_of_record
TN:
SF:backend/metrics.js
FN:4,(anonymous_0)
FN:22,metricsMiddleware
FN:24,(anonymous_2)
FN:34,metricsHandler
FNF:4
FNH:0
FNDA:0,(anonymous_0)
FNDA:0,metricsMiddleware
FNDA:0,(anonymous_2)
FNDA:0,metricsHandler
DA:1,1
DA:4,1
DA:5,1
DA:6,0
DA:9,1
DA:16,1
DA:23,0
DA:24,0
DA:25,0
DA:26,0
DA:27,0
DA:28,0
DA:29,0
DA:31,0
DA:35,0
DA:36,0
DA:37,0
DA:39,0
DA:43,1
LF:19
LH:6
BRDA:5,0,0,0
BRDA:5,0,1,1
BRDA:25,1,0,0
BRDA:25,1,1,0
BRDA:25,2,0,0
BRDA:25,2,1,0
BRF:6
BRH:1
end_of_record
TN:
SF:backend/middleware/auth.js
FN:6,authOptional
FN:22,requireAuth
FNF:2
FNH:0
FNDA:0,authOptional
FNDA:0,requireAuth
DA:1,1
DA:2,1
DA:7,0
DA:8,0
DA:9,0
DA:10,0
DA:11,0
DA:12,0
DA:13,0
DA:17,0
DA:23,0
DA:24,0
DA:25,0
DA:26,0
DA:27,0
DA:28,0
DA:29,0
DA:30,0
DA:31,0
DA:33,0
DA:37,1
LF:21
LH:3
BRDA:8,0,0,0
BRDA:8,0,1,0
BRDA:9,1,0,0
BRDA:9,1,1,0
BRDA:10,2,0,0
BRDA:10,2,1,0
BRDA:13,3,0,0
BRDA:13,3,1,0
BRDA:13,4,0,0
BRDA:13,4,1,0
BRDA:24,5,0,0
BRDA:24,5,1,0
BRDA:25,6,0,0
BRDA:25,6,1,0
BRDA:26,7,0,0
BRDA:26,7,1,0
BRDA:29,8,0,0
BRDA:29,8,1,0
BRDA:30,9,0,0
BRDA:30,9,1,0
BRF:20
BRH:0
end_of_record
TN:
SF:backend/middleware/errorHandler.js
FN:1,errorHandler
FNF:1
FNH:0
FNDA:0,errorHandler
DA:1,1
DA:2,0
DA:4,0
DA:5,0
DA:7,0
DA:8,0
DA:9,0
DA:11,0
DA:13,0
DA:15,0
LF:10
LH:1
BRDA:2,0,0,0
BRDA:2,0,1,0
BRDA:4,1,0,0
BRDA:4,1,1,0
BRDA:4,2,0,0
BRDA:4,2,1,0
BRDA:7,3,0,0
BRDA:7,3,1,0
BRDA:8,4,0,0
BRDA:8,4,1,0
BRDA:8,5,0,0
BRDA:8,5,1,0
BRDA:9,6,0,0
BRDA:9,6,1,0
BRDA:11,7,0,0
BRDA:11,7,1,0
BRDA:11,8,0,0
BRDA:11,8,1,0
BRDA:13,9,0,0
BRDA:13,9,1,0
BRDA:13,9,2,0
BRDA:16,10,0,0
BRDA:16,10,1,0
BRDA:16,10,2,0
BRDA:17,11,0,0
BRDA:17,11,1,0
BRDA:17,12,0,0
BRDA:17,12,1,0
BRF:28
BRH:0
end_of_record
TN:
SF:backend/middleware/logger.js
FN:16,requestLogger
FN:24,(anonymous_1)
FNF:2
FNH:0
FNDA:0,requestLogger
FNDA:0,(anonymous_1)
DA:1,1
DA:2,1
DA:4,1
DA:5,1
DA:17,0
DA:18,0
DA:19,0
DA:20,0
DA:21,0
DA:22,0
DA:23,0
DA:24,0
DA:25,0
DA:26,0
DA:27,0
DA:29,0
DA:32,1
LF:17
LH:5
BRDA:4,0,0,1
BRDA:4,0,1,0
BRDA:6,1,0,1
BRDA:6,1,1,0
BRDA:6,2,0,0
BRDA:6,2,1,0
BRDA:8,3,0,1
BRDA:8,3,1,0
BRDA:8,4,0,1
BRDA:8,4,1,0
BRDA:18,5,0,0
BRDA:18,5,1,0
BRDA:26,6,0,0
BRDA:26,6,1,0
BRDA:26,7,0,0
BRDA:26,7,1,0
BRF:16
BRH:4
end_of_record
TN:
SF:backend/models/Bike.js
FN:20,(anonymous_0)
FNF:1
FNH:0
FNDA:0,(anonymous_0)
DA:1,1
DA:3,1
DA:21,0
DA:22,0
DA:24,0
DA:25,0
DA:29,1
DA:31,1
DA:33,1
LF:9
LH:5
BRDA:21,0,0,0
BRDA:21,0,1,0
BRF:2
BRH:0
end_of_record
TN:
SF:backend/models/ServiceRequest.js
FN:11,(anonymous_0)
FNF:1
FNH:0
FNDA:0,(anonymous_0)
DA:1,1
DA:3,1
DA:12,0
DA:13,0
DA:14,0
DA:17,1
LF:6
LH:3
BRDA:12,0,0,0
BRDA:12,0,1,0
BRF:2
BRH:0
end_of_record
TN:
SF:backend/models/User.js
FNF:0
FNH:0
DA:1,1
DA:3,1
DA:18,1
LF:3
LH:3
BRF:0
BRH:0
end_of_record
TN:
SF:backend/routes/admin.js
FN:9,requireAdmin
FN:16,handleValidation
FN:26,(anonymous_2)
FN:45,(anonymous_3)
FN:66,(anonymous_4)
FNF:5
FNH:0
FNDA:0,requireAdmin
FNDA:0,handleValidation
FNDA:0,(anonymous_2)
FNDA:0,(anonymous_3)
FNDA:0,(anonymous_4)
DA:1,1
DA:2,1
DA:3,1
DA:4,1
DA:5,1
DA:6,1
DA:7,1
DA:10,0
DA:11,0
DA:13,0
DA:17,0
DA:18,0
DA:19,0
DA:20,0
DA:22,0
DA:26,1
DA:27,0
DA:28,0
DA:31,0
DA:32,0
DA:35,0
DA:40,1
DA:46,0
DA:47,0
DA:48,0
DA:49,0
DA:51,0
DA:56,0
DA:57,0
DA:58,0
DA:60,0
DA:66,1
DA:67,0
DA:68,0
DA:69,0
DA:70,0
DA:72,0
DA:76,1
LF:38
LH:11
BRDA:10,0,0,0
BRDA:10,0,1,0
BRDA:10,1,0,0
BRDA:10,1,1,0
BRDA:18,2,0,0
BRDA:18,2,1,0
BRDA:46,3,0,0
BRDA:46,3,1,0
BRDA:48,4,0,0
BRDA:48,4,1,0
BRDA:48,5,0,0
BRDA:48,5,1,0
BRDA:56,6,0,0
BRDA:56,6,1,0
BRF:14
BRH:0
end_of_record
TN:
SF:backend/routes/auth.js
FN:11,generateCode
FN:16,asyncHandler
FN:17,(anonymous_2)
FN:23,handleValidation
FN:45,(anonymous_4)
FN:68,(anonymous_5)
FN:92,(anonymous_6)
FN:115,(anonymous_7)
FN:135,(anonymous_8)
FN:175,(anonymous_9)
FN:210,(anonymous_10)
FN:237,(anonymous_11)
FNF:12
FNH:1
FNDA:0,generateCode
FNDA:8,asyncHandler
FNDA:0,(anonymous_2)
FNDA:0,handleValidation
FNDA:0,(anonymous_4)
FNDA:0,(anonymous_5)
FNDA:0,(anonymous_6)
FNDA:0,(anonymous_7)
FNDA:0,(anonymous_8)
FNDA:0,(anonymous_9)
FNDA:0,(anonymous_10)
FNDA:0,(anonymous_11)
DA:1,1
DA:2,1
DA:3,1
DA:4,1
DA:5,1
DA:6,1
DA:7,1
DA:8,1
DA:12,0
DA:17,8
DA:18,0
DA:24,0
DA:25,0
DA:26,0
DA:27,0
DA:29,0
DA:33,1
DA:35,1
DA:46,0
DA:47,0
DA:48,0
DA:49,0
DA:50,0
DA:51,0
DA:52,0
DA:54,0
DA:55,0
DA:56,0
DA:58,0
DA:62,1
DA:65,1
DA:69,0
DA:70,0
DA:71,0
DA:72,0
DA:73,0
DA:74,0
DA:75,0
DA:76,0
DA:81,0
DA:86,1
DA:93,0
DA:94,0
DA:95,0
DA:96,0
DA:97,0
DA:98,0
DA:99,0
DA:104,1
DA:116,0
DA:117,0
DA:118,0
DA:119,0
DA:120,0
DA:121,0
DA:122,0
DA:123,0
DA:124,0
DA:125,0
DA:132,1
DA:136,0
DA:137,0
DA:138,0
DA:139,0
DA:140,0
DA:141,0
DA:142,0
DA:143,0
DA:150,0
DA:151,0
DA:153,0
DA:154,0
DA:155,0
DA:160,0
DA:165,1
DA:176,0
DA:177,0
DA:178,0
DA:179,0
DA:180,0
DA:181,0
DA:182,0
DA:183,0
DA:184,0
DA:185,0
DA:186,0
DA:187,0
DA:188,0
DA:189,0
DA:195,0
DA:197,0
DA:204,1
DA:211,0
DA:212,0
DA:213,0
DA:214,0
DA:215,0
DA:216,0
DA:217,0
DA:220,0
DA:221,0
DA:222,0
DA:225,0
DA:226,0
DA:231,1
DA:238,0
DA:239,0
DA:240,0
DA:241,0
DA:242,0
DA:243,0
DA:244,0
DA:246,0
DA:247,0
DA:248,0
DA:249,0
DA:252,1
LF:117
LH:20
BRDA:25,0,0,0
BRDA:25,0,1,0
BRDA:46,1,0,0
BRDA:46,1,1,0
BRDA:49,2,0,0
BRDA:49,2,1,0
BRDA:69,3,0,0
BRDA:69,3,1,0
BRDA:72,4,0,0
BRDA:72,4,1,0
BRDA:93,5,0,0
BRDA:93,5,1,0
BRDA:96,6,0,0
BRDA:96,6,1,0
BRDA:96,7,0,0
BRDA:96,7,1,0
BRDA:98,8,0,0
BRDA:98,8,1,0
BRDA:116,9,0,0
BRDA:116,9,1,0
BRDA:119,10,0,0
BRDA:119,10,1,0
BRDA:119,11,0,0
BRDA:119,11,1,0
BRDA:121,12,0,0
BRDA:121,12,1,0
BRDA:136,13,0,0
BRDA:136,13,1,0
BRDA:139,14,0,0
BRDA:139,14,1,0
BRDA:139,15,0,0
BRDA:139,15,1,0
BRDA:142,16,0,0
BRDA:142,16,1,0
BRDA:176,17,0,0
BRDA:176,17,1,0
BRDA:179,18,0,0
BRDA:179,18,1,0
BRDA:180,19,0,0
BRDA:180,19,1,0
BRDA:192,20,0,0
BRDA:192,20,1,0
BRDA:211,21,0,0
BRDA:211,21,1,0
BRDA:214,22,0,0
BRDA:214,22,1,0
BRDA:215,23,0,0
BRDA:215,23,1,0
BRDA:216,24,0,0
BRDA:216,24,1,0
BRDA:221,25,0,0
BRDA:221,25,1,0
BRDA:222,26,0,0
BRDA:222,26,1,0
BRDA:238,27,0,0
BRDA:238,27,1,0
BRDA:241,28,0,0
BRDA:241,28,1,0
BRDA:242,29,0,0
BRDA:242,29,1,0
BRDA:243,30,0,0
BRDA:243,30,1,0
BRDA:243,31,0,0
BRDA:243,31,1,0
BRF:64
BRH:0
end_of_record
TN:
SF:backend/routes/bikes.js
FN:13,handleValidation
FN:29,getMaxBikesPerUser
FN:47,sanitize
FN:49,(anonymous_3)
FN:63,(anonymous_4)
FN:81,(anonymous_5)
FN:90,(anonymous_6)
FN:101,(anonymous_7)
FN:133,(anonymous_8)
FN:179,(anonymous_9)
FN:217,(anonymous_10)
FN:265,(anonymous_11)
FN:285,(anonymous_12)
FN:306,(anonymous_13)
FN:325,(anonymous_14)
FN:359,(anonymous_15)
FNF:16
FNH:0
FNDA:0,handleValidation
FNDA:0,getMaxBikesPerUser
FNDA:0,sanitize
FNDA:0,(anonymous_3)
FNDA:0,(anonymous_4)
FNDA:0,(anonymous_5)
FNDA:0,(anonymous_6)
FNDA:0,(anonymous_7)
FNDA:0,(anonymous_8)
FNDA:0,(anonymous_9)
FNDA:0,(anonymous_10)
FNDA:0,(anonymous_11)
FNDA:0,(anonymous_12)
FNDA:0,(anonymous_13)
FNDA:0,(anonymous_14)
FNDA:0,(anonymous_15)
DA:1,1
DA:2,1
DA:3,1
DA:4,1
DA:5,1
DA:6,1
DA:7,1
DA:8,1
DA:9,1
DA:10,1
DA:11,1
DA:14,0
DA:15,0
DA:16,0
DA:21,0
DA:23,0
DA:27,1
DA:28,1
DA:30,0
DA:32,1
DA:48,0
DA:49,0
DA:50,0
DA:51,0
DA:52,0
DA:55,0
DA:60,1
DA:61,1
DA:62,1
DA:63,0
DA:73,1
DA:74,1
DA:75,0
DA:77,1
DA:78,1
DA:82,0
DA:83,0
DA:85,0
DA:90,1
DA:91,0
DA:92,0
DA:93,0
DA:94,0
DA:96,0
DA:101,1
DA:102,0
DA:103,0
DA:104,0
DA:105,0
DA:107,0
DA:112,1
DA:134,0
DA:135,0
DA:136,0
DA:137,0
DA:138,0
DA:142,0
DA:145,0
DA:146,0
DA:150,0
DA:152,0
DA:154,0
DA:155,0
DA:161,0
DA:162,0
DA:163,0
DA:167,0
DA:168,0
DA:169,0
DA:170,0
DA:171,0
DA:173,0
DA:179,1
DA:180,0
DA:181,0
DA:182,0
DA:187,0
DA:188,0
DA:189,0
DA:191,0
DA:196,1
DA:218,0
DA:219,0
DA:220,0
DA:221,0
DA:222,0
DA:226,0
DA:229,0
DA:230,0
DA:234,0
DA:236,0
DA:238,0
DA:239,0
DA:244,0
DA:245,0
DA:246,0
DA:255,0
DA:256,0
DA:257,0
DA:259,0
DA:265,1
DA:266,0
DA:267,0
DA:268,0
DA:277,0
DA:278,0
DA:280,0
DA:285,1
DA:286,0
DA:287,0
DA:288,0
DA:297,0
DA:298,0
DA:299,0
DA:301,0
DA:306,1
DA:307,0
DA:308,0
DA:309,0
DA:310,0
DA:311,0
DA:312,0
DA:313,0
DA:315,0
DA:320,1
DA:326,0
DA:327,0
DA:332,0
DA:334,0
DA:339,0
DA:340,0
DA:341,0
DA:342,0
DA:343,0
DA:347,0
DA:349,0
DA:352,0
DA:353,0
DA:354,0
DA:355,0
DA:359,0
DA:361,0
DA:362,0
DA:364,0
DA:369,1
LF:145
LH:31
BRDA:15,0,0,0
BRDA:15,0,1,0
BRDA:30,1,0,0
BRDA:30,1,1,0
BRDA:50,2,0,0
BRDA:50,2,1,0
BRDA:52,3,0,0
BRDA:52,3,1,0
BRDA:60,4,0,1
BRDA:60,4,1,1
BRDA:62,5,0,1
BRDA:62,5,1,0
BRDA:73,6,0,1
BRDA:73,6,1,1
BRDA:74,7,0,0
BRDA:74,7,1,1
BRDA:82,8,0,0
BRDA:82,8,1,0
BRDA:134,9,0,0
BRDA:134,9,1,0
BRDA:136,10,0,0
BRDA:136,10,1,0
BRDA:137,11,0,0
BRDA:137,11,1,0
BRDA:145,12,0,0
BRDA:145,12,1,0
BRDA:153,13,0,0
BRDA:153,13,1,0
BRDA:153,14,0,0
BRDA:153,14,1,0
BRDA:154,15,0,0
BRDA:154,15,1,0
BRDA:162,16,0,0
BRDA:162,16,1,0
BRDA:180,17,0,0
BRDA:180,17,1,0
BRDA:187,18,0,0
BRDA:187,18,1,0
BRDA:218,19,0,0
BRDA:218,19,1,0
BRDA:220,20,0,0
BRDA:220,20,1,0
BRDA:221,21,0,0
BRDA:221,21,1,0
BRDA:229,22,0,0
BRDA:229,22,1,0
BRDA:237,23,0,0
BRDA:237,23,1,0
BRDA:237,24,0,0
BRDA:237,24,1,0
BRDA:238,25,0,0
BRDA:238,25,1,0
BRDA:255,26,0,0
BRDA:255,26,1,0
BRDA:266,27,0,0
BRDA:266,27,1,0
BRDA:277,28,0,0
BRDA:277,28,1,0
BRDA:286,29,0,0
BRDA:286,29,1,0
BRDA:297,30,0,0
BRDA:297,30,1,0
BRDA:308,31,0,0
BRDA:308,31,1,0
BRDA:311,32,0,0
BRDA:311,32,1,0
BRDA:326,33,0,0
BRDA:326,33,1,0
BRDA:334,34,0,0
BRDA:334,34,1,0
BRDA:336,35,0,0
BRDA:336,35,1,0
BRDA:347,36,0,0
BRDA:347,36,1,0
BRDA:349,37,0,0
BRDA:349,37,1,0
BRDA:349,38,0,0
BRDA:349,38,1,0
BRDA:354,39,0,0
BRDA:354,39,1,0
BRDA:354,40,0,0
BRDA:354,40,1,0
BRF:82
BRH:6
end_of_record
TN:
SF:backend/routes/serviceRequests.js
FN:10,validate
FN:20,(anonymous_1)
FN:40,(anonymous_2)
FN:68,(anonymous_3)
FN:89,(anonymous_4)
FNF:5
FNH:0
FNDA:0,validate
FNDA:0,(anonymous_1)
FNDA:0,(anonymous_2)
FNDA:0,(anonymous_3)
FNDA:0,(anonymous_4)
DA:1,1
DA:2,1
DA:3,1
DA:4,1
DA:5,1
DA:6,1
DA:7,1
DA:8,1
DA:11,0
DA:12,0
DA:13,0
DA:14,0
DA:16,0
DA:20,1
DA:21,0
DA:22,0
DA:23,0
DA:25,0
DA:30,1
DA:41,0
DA:42,0
DA:44,0
DA:49,0
DA:50,0
DA:51,0
DA:52,0
DA:56,0
DA:58,0
DA:64,1
DA:69,0
DA:70,0
DA:71,0
DA:76,0
DA:77,0
DA:81,0
DA:83,0
DA:89,1
DA:90,0
DA:91,0
DA:92,0
DA:96,0
DA:97,0
DA:99,0
DA:101,0
DA:105,1
LF:45
LH:13
BRDA:12,0,0,0
BRDA:12,0,1,0
BRDA:41,1,0,0
BRDA:41,1,1,0
BRDA:49,2,0,0
BRDA:49,2,1,0
BRDA:69,3,0,0
BRDA:69,3,1,0
BRDA:76,4,0,0
BRDA:76,4,1,0
BRDA:90,5,0,0
BRDA:90,5,1,0
BRDA:96,6,0,0
BRDA:96,6,1,0
BRF:14
BRH:0
end_of_record
TN:
SF:backend/tests/helpers/testFactory.js
FN:7,ensureDb
FN:35,(anonymous_1)
FN:43,(anonymous_2)
FN:51,(anonymous_3)
FN:60,stopMemory
FN:71,createUserAndLogin
FN:102,createBike
FNF:7
FNH:1
FNDA:0,ensureDb
FNDA:0,(anonymous_1)
FNDA:0,(anonymous_2)
FNDA:0,(anonymous_3)
FNDA:1,stopMemory
FNDA:0,createUserAndLogin
FNDA:0,createBike
DA:1,1
DA:2,1
DA:3,1
DA:8,0
DA:9,0
DA:10,0
DA:11,0
DA:13,0
DA:14,0
DA:15,0
DA:17,0
DA:19,0
DA:21,0
DA:22,0
DA:23,0
DA:29,0
DA:31,0
DA:32,0
DA:33,0
DA:35,0
DA:38,0
DA:40,0
DA:43,0
DA:44,0
DA:45,0
DA:46,0
DA:47,0
DA:48,0
DA:50,0
DA:51,0
DA:55,0
DA:56,0
DA:61,1
DA:62,0
DA:63,0
DA:67,0
DA:72,0
DA:73,0
DA:74,0
DA:79,0
DA:80,0
DA:81,0
DA:82,0
DA:83,0
DA:84,0
DA:95,0
DA:99,0
DA:103,0
DA:108,0
DA:111,1
LF:50
LH:5
BRDA:8,0,0,0
BRDA:8,0,1,0
BRDA:9,1,0,0
BRDA:9,1,1,0
BRDA:13,2,0,0
BRDA:13,2,1,0
BRDA:14,3,0,0
BRDA:14,3,1,0
BRDA:17,4,0,0
BRDA:17,4,1,0
BRDA:32,5,0,0
BRDA:32,5,1,0
BRDA:38,6,0,0
BRDA:38,6,1,0
BRDA:38,7,0,0
BRDA:38,7,1,0
BRDA:50,8,0,0
BRDA:50,8,1,0
BRDA:61,9,0,0
BRDA:61,9,1,1
BRDA:71,10,0,0
BRDA:102,11,0,0
BRF:22
BRH:1
end_of_record
TN:
SF:backend/utils/auditLog.js
FN:6,auditLog
FN:13,(anonymous_1)
FNF:2
FNH:0
FNDA:0,auditLog
FNDA:0,(anonymous_1)
DA:1,1
DA:2,1
DA:4,1
DA:7,0
DA:13,0
DA:14,0
DA:18,1
LF:7
LH:4
BRDA:6,0,0,0
BRDA:14,1,0,0
BRDA:14,1,1,0
BRF:3
BRH:0
end_of_record
TN:
SF:backend/utils/errorCodes.js
FNF:0
FNH:0
DA:2,1
LF:1
LH:1
BRF:0
BRH:0
end_of_record
TN:
SF:backend/utils/mailer.js
FN:15,sendMail
FNF:1
FNH:0
FNDA:0,sendMail
DA:1,1
DA:3,1
DA:4,1
DA:5,0
DA:16,0
DA:18,0
DA:20,0
DA:21,0
DA:22,0
DA:24,0
DA:25,0
DA:27,0
DA:31,1
LF:13
LH:4
BRDA:4,0,0,0
BRDA:4,0,1,1
BRDA:16,1,0,0
BRDA:16,1,1,0
BRDA:24,2,0,0
BRDA:24,2,1,0
BRF:6
BRH:1
end_of_record
